{"/home/ubuntu/BILAN-EASY/src/components/DraftRecovery.tsx": {"path":"/home/ubuntu/BILAN-EASY/src/components/DraftRecovery.tsx","statementMap":{"0":{"start":{"line":19,"column":52},"end":{"line":184,"column":null}},"1":{"start":{"line":20,"column":24},"end":{"line":20,"column":null}},"2":{"start":{"line":21,"column":28},"end":{"line":21,"column":null}},"3":{"start":{"line":22,"column":32},"end":{"line":22,"column":null}},"4":{"start":{"line":24,"column":2},"end":{"line":63,"column":null}},"5":{"start":{"line":25,"column":26},"end":{"line":58,"column":null}},"6":{"start":{"line":26,"column":6},"end":{"line":57,"column":null}},"7":{"start":{"line":28,"column":27},"end":{"line":28,"column":null}},"8":{"start":{"line":29,"column":8},"end":{"line":37,"column":null}},"9":{"start":{"line":30,"column":25},"end":{"line":30,"column":null}},"10":{"start":{"line":31,"column":10},"end":{"line":36,"column":null}},"11":{"start":{"line":32,"column":12},"end":{"line":32,"column":null}},"12":{"start":{"line":33,"column":12},"end":{"line":33,"column":null}},"13":{"start":{"line":34,"column":12},"end":{"line":34,"column":null}},"14":{"start":{"line":35,"column":12},"end":{"line":35,"column":null}},"15":{"start":{"line":40,"column":32},"end":{"line":47,"column":null}},"16":{"start":{"line":49,"column":8},"end":{"line":52,"column":null}},"17":{"start":{"line":50,"column":10},"end":{"line":50,"column":null}},"18":{"start":{"line":51,"column":10},"end":{"line":51,"column":null}},"19":{"start":{"line":54,"column":8},"end":{"line":54,"column":null}},"20":{"start":{"line":56,"column":8},"end":{"line":56,"column":null}},"21":{"start":{"line":60,"column":4},"end":{"line":62,"column":null}},"22":{"start":{"line":61,"column":6},"end":{"line":61,"column":null}},"23":{"start":{"line":65,"column":23},"end":{"line":70,"column":null}},"24":{"start":{"line":66,"column":4},"end":{"line":69,"column":null}},"25":{"start":{"line":67,"column":6},"end":{"line":67,"column":null}},"26":{"start":{"line":68,"column":6},"end":{"line":68,"column":null}},"27":{"start":{"line":72,"column":24},"end":{"line":89,"column":null}},"28":{"start":{"line":73,"column":4},"end":{"line":86,"column":null}},"29":{"start":{"line":74,"column":6},"end":{"line":85,"column":null}},"30":{"start":{"line":76,"column":8},"end":{"line":79,"column":null}},"31":{"start":{"line":82,"column":8},"end":{"line":82,"column":null}},"32":{"start":{"line":84,"column":8},"end":{"line":84,"column":null}},"33":{"start":{"line":87,"column":4},"end":{"line":87,"column":null}},"34":{"start":{"line":88,"column":4},"end":{"line":88,"column":null}},"35":{"start":{"line":91,"column":21},"end":{"line":100,"column":null}},"36":{"start":{"line":92,"column":17},"end":{"line":92,"column":null}},"37":{"start":{"line":93,"column":4},"end":{"line":99,"column":null}},"38":{"start":{"line":102,"column":2},"end":{"line":104,"column":null}},"39":{"start":{"line":103,"column":4},"end":{"line":103,"column":null}},"40":{"start":{"line":106,"column":23},"end":{"line":106,"column":null}},"41":{"start":{"line":108,"column":2},"end":{"line":182,"column":null}}},"fnMap":{"0":{"name":"(anonymous_0)","decl":{"start":{"line":19,"column":52},"end":{"line":19,"column":53}},"loc":{"start":{"line":19,"column":89},"end":{"line":184,"column":null}},"line":19},"1":{"name":"(anonymous_1)","decl":{"start":{"line":24,"column":12},"end":{"line":24,"column":18}},"loc":{"start":{"line":24,"column":18},"end":{"line":63,"column":5}},"line":24},"2":{"name":"(anonymous_2)","decl":{"start":{"line":25,"column":26},"end":{"line":25,"column":38}},"loc":{"start":{"line":25,"column":38},"end":{"line":58,"column":null}},"line":25},"3":{"name":"(anonymous_3)","decl":{"start":{"line":65,"column":23},"end":{"line":65,"column":29}},"loc":{"start":{"line":65,"column":29},"end":{"line":70,"column":null}},"line":65},"4":{"name":"(anonymous_4)","decl":{"start":{"line":72,"column":24},"end":{"line":72,"column":36}},"loc":{"start":{"line":72,"column":36},"end":{"line":89,"column":null}},"line":72},"5":{"name":"(anonymous_5)","decl":{"start":{"line":91,"column":21},"end":{"line":91,"column":22}},"loc":{"start":{"line":91,"column":45},"end":{"line":100,"column":null}},"line":91}},"branchMap":{"0":{"loc":{"start":{"line":29,"column":8},"end":{"line":37,"column":null}},"type":"if","locations":[{"start":{"line":29,"column":8},"end":{"line":37,"column":null}},{"start":{},"end":{}}],"line":29},"1":{"loc":{"start":{"line":31,"column":10},"end":{"line":36,"column":null}},"type":"if","locations":[{"start":{"line":31,"column":10},"end":{"line":36,"column":null}},{"start":{},"end":{}}],"line":31},"2":{"loc":{"start":{"line":31,"column":14},"end":{"line":31,"column":59}},"type":"binary-expr","locations":[{"start":{"line":31,"column":14},"end":{"line":31,"column":32}},{"start":{"line":31,"column":32},"end":{"line":31,"column":59}}],"line":31},"3":{"loc":{"start":{"line":49,"column":8},"end":{"line":52,"column":null}},"type":"if","locations":[{"start":{"line":49,"column":8},"end":{"line":52,"column":null}},{"start":{},"end":{}}],"line":49},"4":{"loc":{"start":{"line":49,"column":12},"end":{"line":49,"column":28}},"type":"binary-expr","locations":[{"start":{"line":49,"column":12},"end":{"line":49,"column":20}},{"start":{"line":49,"column":20},"end":{"line":49,"column":28}}],"line":49},"5":{"loc":{"start":{"line":60,"column":4},"end":{"line":62,"column":null}},"type":"if","locations":[{"start":{"line":60,"column":4},"end":{"line":62,"column":null}},{"start":{},"end":{}}],"line":60},"6":{"loc":{"start":{"line":66,"column":4},"end":{"line":69,"column":null}},"type":"if","locations":[{"start":{"line":66,"column":4},"end":{"line":69,"column":null}},{"start":{},"end":{}}],"line":66},"7":{"loc":{"start":{"line":73,"column":4},"end":{"line":86,"column":null}},"type":"if","locations":[{"start":{"line":73,"column":4},"end":{"line":86,"column":null}},{"start":{},"end":{}}],"line":73},"8":{"loc":{"start":{"line":102,"column":2},"end":{"line":104,"column":null}},"type":"if","locations":[{"start":{"line":102,"column":2},"end":{"line":104,"column":null}},{"start":{},"end":{}}],"line":102},"9":{"loc":{"start":{"line":102,"column":6},"end":{"line":102,"column":39}},"type":"binary-expr","locations":[{"start":{"line":102,"column":6},"end":{"line":102,"column":17}},{"start":{"line":102,"column":17},"end":{"line":102,"column":31}},{"start":{"line":102,"column":31},"end":{"line":102,"column":39}}],"line":102},"10":{"loc":{"start":{"line":106,"column":23},"end":{"line":106,"column":null}},"type":"binary-expr","locations":[{"start":{"line":106,"column":23},"end":{"line":106,"column":48}},{"start":{"line":106,"column":48},"end":{"line":106,"column":null}}],"line":106},"11":{"loc":{"start":{"line":132,"column":76},"end":{"line":132,"column":111}},"type":"binary-expr","locations":[{"start":{"line":132,"column":76},"end":{"line":132,"column":98}},{"start":{"line":132,"column":98},"end":{"line":132,"column":111}}],"line":132},"12":{"loc":{"start":{"line":141,"column":30},"end":{"line":141,"column":66}},"type":"binary-expr","locations":[{"start":{"line":141,"column":30},"end":{"line":141,"column":50}},{"start":{"line":141,"column":50},"end":{"line":141,"column":66}}],"line":141}},"s":{"0":1,"1":16,"2":16,"3":16,"4":16,"5":11,"6":10,"7":10,"8":10,"9":0,"10":0,"11":0,"12":0,"13":0,"14":0,"15":10,"16":10,"17":0,"18":0,"19":0,"20":10,"21":11,"22":10,"23":16,"24":0,"25":0,"26":0,"27":16,"28":0,"29":0,"30":0,"31":0,"32":0,"33":0,"34":0,"35":16,"36":0,"37":0,"38":16,"39":16,"40":0,"41":16},"f":{"0":16,"1":11,"2":10,"3":0,"4":0,"5":0},"b":{"0":[0,10],"1":[0,0],"2":[0,0],"3":[0,10],"4":[10,0],"5":[10,1],"6":[0,0],"7":[0,0],"8":[16,0],"9":[16,5,0],"10":[0,0],"11":[16,0],"12":[16,0]},"meta":{"lastBranch":13,"lastFunction":6,"lastStatement":42,"seen":{"s:19:52:184:Infinity":0,"f:19:52:19:53":0,"s:20:24:20:Infinity":1,"s:21:28:21:Infinity":2,"s:22:32:22:Infinity":3,"s:24:2:63:Infinity":4,"f:24:12:24:18":1,"s:25:26:58:Infinity":5,"f:25:26:25:38":2,"s:26:6:57:Infinity":6,"s:28:27:28:Infinity":7,"b:29:8:37:Infinity:undefined:undefined:undefined:undefined":0,"s:29:8:37:Infinity":8,"s:30:25:30:Infinity":9,"b:31:10:36:Infinity:undefined:undefined:undefined:undefined":1,"s:31:10:36:Infinity":10,"b:31:14:31:32:31:32:31:59":2,"s:32:12:32:Infinity":11,"s:33:12:33:Infinity":12,"s:34:12:34:Infinity":13,"s:35:12:35:Infinity":14,"s:40:32:47:Infinity":15,"b:49:8:52:Infinity:undefined:undefined:undefined:undefined":3,"s:49:8:52:Infinity":16,"b:49:12:49:20:49:20:49:28":4,"s:50:10:50:Infinity":17,"s:51:10:51:Infinity":18,"s:54:8:54:Infinity":19,"s:56:8:56:Infinity":20,"b:60:4:62:Infinity:undefined:undefined:undefined:undefined":5,"s:60:4:62:Infinity":21,"s:61:6:61:Infinity":22,"s:65:23:70:Infinity":23,"f:65:23:65:29":3,"b:66:4:69:Infinity:undefined:undefined:undefined:undefined":6,"s:66:4:69:Infinity":24,"s:67:6:67:Infinity":25,"s:68:6:68:Infinity":26,"s:72:24:89:Infinity":27,"f:72:24:72:36":4,"b:73:4:86:Infinity:undefined:undefined:undefined:undefined":7,"s:73:4:86:Infinity":28,"s:74:6:85:Infinity":29,"s:76:8:79:Infinity":30,"s:82:8:82:Infinity":31,"s:84:8:84:Infinity":32,"s:87:4:87:Infinity":33,"s:88:4:88:Infinity":34,"s:91:21:100:Infinity":35,"f:91:21:91:22":5,"s:92:17:92:Infinity":36,"s:93:4:99:Infinity":37,"b:102:2:104:Infinity:undefined:undefined:undefined:undefined":8,"s:102:2:104:Infinity":38,"b:102:6:102:17:102:17:102:31:102:31:102:39":9,"s:103:4:103:Infinity":39,"s:106:23:106:Infinity":40,"b:106:23:106:48:106:48:106:Infinity":10,"s:108:2:182:Infinity":41,"b:132:76:132:98:132:98:132:111":11,"b:141:30:141:50:141:50:141:66":12}}}
,"/home/ubuntu/BILAN-EASY/src/components/NotificationManager.tsx": {"path":"/home/ubuntu/BILAN-EASY/src/components/NotificationManager.tsx","statementMap":{"0":{"start":{"line":23,"column":71},"end":{"line":160,"column":null}},"1":{"start":{"line":27,"column":34},"end":{"line":27,"column":null}},"2":{"start":{"line":28,"column":34},"end":{"line":28,"column":null}},"3":{"start":{"line":29,"column":32},"end":{"line":29,"column":null}},"4":{"start":{"line":30,"column":32},"end":{"line":30,"column":null}},"5":{"start":{"line":32,"column":2},"end":{"line":44,"column":null}},"6":{"start":{"line":34,"column":10},"end":{"line":34,"column":null}},"7":{"start":{"line":35,"column":4},"end":{"line":35,"column":null}},"8":{"start":{"line":38,"column":26},"end":{"line":38,"column":null}},"9":{"start":{"line":39,"column":4},"end":{"line":43,"column":null}},"10":{"start":{"line":41,"column":20},"end":{"line":41,"column":null}},"11":{"start":{"line":41,"column":37},"end":{"line":41,"column":58}},"12":{"start":{"line":42,"column":6},"end":{"line":42,"column":null}},"13":{"start":{"line":42,"column":19},"end":{"line":42,"column":null}},"14":{"start":{"line":46,"column":34},"end":{"line":66,"column":null}},"15":{"start":{"line":47,"column":19},"end":{"line":47,"column":null}},"16":{"start":{"line":48,"column":4},"end":{"line":48,"column":null}},"17":{"start":{"line":49,"column":4},"end":{"line":49,"column":null}},"18":{"start":{"line":50,"column":4},"end":{"line":50,"column":null}},"19":{"start":{"line":52,"column":4},"end":{"line":63,"column":null}},"20":{"start":{"line":53,"column":6},"end":{"line":53,"column":null}},"21":{"start":{"line":56,"column":6},"end":{"line":60,"column":null}},"22":{"start":{"line":57,"column":8},"end":{"line":59,"column":null}},"23":{"start":{"line":58,"column":10},"end":{"line":58,"column":null}},"24":{"start":{"line":61,"column":4},"end":{"line":63,"column":null}},"25":{"start":{"line":62,"column":6},"end":{"line":62,"column":null}},"26":{"start":{"line":65,"column":4},"end":{"line":65,"column":null}},"27":{"start":{"line":68,"column":24},"end":{"line":72,"column":null}},"28":{"start":{"line":69,"column":4},"end":{"line":69,"column":null}},"29":{"start":{"line":70,"column":4},"end":{"line":70,"column":null}},"30":{"start":{"line":71,"column":4},"end":{"line":71,"column":null}},"31":{"start":{"line":75,"column":2},"end":{"line":77,"column":null}},"32":{"start":{"line":76,"column":4},"end":{"line":76,"column":null}},"33":{"start":{"line":79,"column":2},"end":{"line":158,"column":null}},"34":{"start":{"line":165,"column":32},"end":{"line":194,"column":null}},"35":{"start":{"line":166,"column":34},"end":{"line":166,"column":null}},"36":{"start":{"line":168,"column":2},"end":{"line":170,"column":null}},"37":{"start":{"line":169,"column":4},"end":{"line":169,"column":null}},"38":{"start":{"line":172,"column":18},"end":{"line":176,"column":null}},"39":{"start":{"line":173,"column":19},"end":{"line":173,"column":null}},"40":{"start":{"line":174,"column":4},"end":{"line":174,"column":null}},"41":{"start":{"line":175,"column":4},"end":{"line":175,"column":null}},"42":{"start":{"line":178,"column":15},"end":{"line":184,"column":null}},"43":{"start":{"line":179,"column":4},"end":{"line":183,"column":null}},"44":{"start":{"line":186,"column":2},"end":{"line":193,"column":null}}},"fnMap":{"0":{"name":"(anonymous_0)","decl":{"start":{"line":23,"column":71},"end":{"line":23,"column":72}},"loc":{"start":{"line":26,"column":6},"end":{"line":160,"column":null}},"line":26},"1":{"name":"(anonymous_1)","decl":{"start":{"line":32,"column":12},"end":{"line":32,"column":18}},"loc":{"start":{"line":32,"column":18},"end":{"line":44,"column":5}},"line":32},"2":{"name":"(anonymous_2)","decl":{"start":{"line":41,"column":31},"end":{"line":41,"column":37}},"loc":{"start":{"line":41,"column":37},"end":{"line":41,"column":58}},"line":41},"3":{"name":"(anonymous_3)","decl":{"start":{"line":42,"column":13},"end":{"line":42,"column":19}},"loc":{"start":{"line":42,"column":19},"end":{"line":42,"column":null}},"line":42},"4":{"name":"(anonymous_4)","decl":{"start":{"line":46,"column":34},"end":{"line":46,"column":46}},"loc":{"start":{"line":46,"column":46},"end":{"line":66,"column":null}},"line":46},"5":{"name":"(anonymous_5)","decl":{"start":{"line":57,"column":19},"end":{"line":57,"column":25}},"loc":{"start":{"line":57,"column":25},"end":{"line":59,"column":11}},"line":57},"6":{"name":"(anonymous_6)","decl":{"start":{"line":68,"column":24},"end":{"line":68,"column":30}},"loc":{"start":{"line":68,"column":30},"end":{"line":72,"column":null}},"line":68},"7":{"name":"(anonymous_7)","decl":{"start":{"line":165,"column":32},"end":{"line":165,"column":38}},"loc":{"start":{"line":165,"column":38},"end":{"line":194,"column":null}},"line":165},"8":{"name":"(anonymous_8)","decl":{"start":{"line":168,"column":12},"end":{"line":168,"column":18}},"loc":{"start":{"line":168,"column":18},"end":{"line":170,"column":5}},"line":168},"9":{"name":"(anonymous_9)","decl":{"start":{"line":172,"column":18},"end":{"line":172,"column":30}},"loc":{"start":{"line":172,"column":30},"end":{"line":176,"column":null}},"line":172},"10":{"name":"(anonymous_10)","decl":{"start":{"line":178,"column":15},"end":{"line":178,"column":22}},"loc":{"start":{"line":178,"column":118},"end":{"line":184,"column":null}},"line":178}},"branchMap":{"0":{"loc":{"start":{"line":39,"column":4},"end":{"line":43,"column":null}},"type":"if","locations":[{"start":{"line":39,"column":4},"end":{"line":43,"column":null}},{"start":{},"end":{}}],"line":39},"1":{"loc":{"start":{"line":39,"column":8},"end":{"line":39,"column":48}},"type":"binary-expr","locations":[{"start":{"line":39,"column":8},"end":{"line":39,"column":32}},{"start":{"line":39,"column":32},"end":{"line":39,"column":48}}],"line":39},"2":{"loc":{"start":{"line":52,"column":4},"end":{"line":63,"column":null}},"type":"if","locations":[{"start":{"line":52,"column":4},"end":{"line":63,"column":null}},{"start":{"line":61,"column":4},"end":{"line":63,"column":null}}],"line":52},"3":{"loc":{"start":{"line":56,"column":6},"end":{"line":60,"column":null}},"type":"if","locations":[{"start":{"line":56,"column":6},"end":{"line":60,"column":null}},{"start":{},"end":{}}],"line":56},"4":{"loc":{"start":{"line":61,"column":4},"end":{"line":63,"column":null}},"type":"if","locations":[{"start":{"line":61,"column":4},"end":{"line":63,"column":null}},{"start":{},"end":{}}],"line":61},"5":{"loc":{"start":{"line":75,"column":2},"end":{"line":77,"column":null}},"type":"if","locations":[{"start":{"line":75,"column":2},"end":{"line":77,"column":null}},{"start":{},"end":{}}],"line":75},"6":{"loc":{"start":{"line":75,"column":6},"end":{"line":75,"column":90}},"type":"binary-expr","locations":[{"start":{"line":75,"column":6},"end":{"line":75,"column":36}},{"start":{"line":75,"column":36},"end":{"line":75,"column":64}},{"start":{"line":75,"column":64},"end":{"line":75,"column":77}},{"start":{"line":75,"column":77},"end":{"line":75,"column":90}}],"line":75}},"s":{"0":1,"1":7,"2":7,"3":7,"4":7,"5":7,"6":7,"7":7,"8":7,"9":7,"10":7,"11":0,"12":7,"13":7,"14":7,"15":0,"16":0,"17":0,"18":0,"19":0,"20":0,"21":0,"22":0,"23":0,"24":0,"25":0,"26":0,"27":7,"28":0,"29":0,"30":0,"31":7,"32":7,"33":0,"34":1,"35":14,"36":14,"37":12,"38":14,"39":1,"40":1,"41":1,"42":14,"43":1,"44":14},"f":{"0":7,"1":7,"2":0,"3":7,"4":0,"5":0,"6":0,"7":14,"8":12,"9":1,"10":1},"b":{"0":[7,0],"1":[7,7],"2":[0,0],"3":[0,0],"4":[0,0],"5":[7,0],"6":[7,7,7,7]},"meta":{"lastBranch":7,"lastFunction":11,"lastStatement":45,"seen":{"s:23:71:160:Infinity":0,"f:23:71:23:72":0,"s:27:34:27:Infinity":1,"s:28:34:28:Infinity":2,"s:29:32:29:Infinity":3,"s:30:32:30:Infinity":4,"s:32:2:44:Infinity":5,"f:32:12:32:18":1,"s:34:10:34:Infinity":6,"s:35:4:35:Infinity":7,"s:38:26:38:Infinity":8,"b:39:4:43:Infinity:undefined:undefined:undefined:undefined":0,"s:39:4:43:Infinity":9,"b:39:8:39:32:39:32:39:48":1,"s:41:20:41:Infinity":10,"f:41:31:41:37":2,"s:41:37:41:58":11,"s:42:6:42:Infinity":12,"f:42:13:42:19":3,"s:42:19:42:Infinity":13,"s:46:34:66:Infinity":14,"f:46:34:46:46":4,"s:47:19:47:Infinity":15,"s:48:4:48:Infinity":16,"s:49:4:49:Infinity":17,"s:50:4:50:Infinity":18,"b:52:4:63:Infinity:61:4:63:Infinity":2,"s:52:4:63:Infinity":19,"s:53:6:53:Infinity":20,"b:56:6:60:Infinity:undefined:undefined:undefined:undefined":3,"s:56:6:60:Infinity":21,"s:57:8:59:Infinity":22,"f:57:19:57:25":5,"s:58:10:58:Infinity":23,"b:61:4:63:Infinity:undefined:undefined:undefined:undefined":4,"s:61:4:63:Infinity":24,"s:62:6:62:Infinity":25,"s:65:4:65:Infinity":26,"s:68:24:72:Infinity":27,"f:68:24:68:30":6,"s:69:4:69:Infinity":28,"s:70:4:70:Infinity":29,"s:71:4:71:Infinity":30,"b:75:2:77:Infinity:undefined:undefined:undefined:undefined":5,"s:75:2:77:Infinity":31,"b:75:6:75:36:75:36:75:64:75:64:75:77:75:77:75:90":6,"s:76:4:76:Infinity":32,"s:79:2:158:Infinity":33,"s:165:32:194:Infinity":34,"f:165:32:165:38":7,"s:166:34:166:Infinity":35,"s:168:2:170:Infinity":36,"f:168:12:168:18":8,"s:169:4:169:Infinity":37,"s:172:18:176:Infinity":38,"f:172:18:172:30":9,"s:173:19:173:Infinity":39,"s:174:4:174:Infinity":40,"s:175:4:175:Infinity":41,"s:178:15:184:Infinity":42,"f:178:15:178:22":10,"s:179:4:183:Infinity":43,"s:186:2:193:Infinity":44}}}
,"/home/ubuntu/BILAN-EASY/src/components/OfflineIndicator.tsx": {"path":"/home/ubuntu/BILAN-EASY/src/components/OfflineIndicator.tsx","statementMap":{"0":{"start":{"line":8,"column":65},"end":{"line":121,"column":null}},"1":{"start":{"line":9,"column":46},"end":{"line":9,"column":null}},"2":{"start":{"line":10,"column":32},"end":{"line":10,"column":null}},"3":{"start":{"line":11,"column":34},"end":{"line":11,"column":null}},"4":{"start":{"line":12,"column":34},"end":{"line":12,"column":null}},"5":{"start":{"line":14,"column":2},"end":{"line":25,"column":null}},"6":{"start":{"line":15,"column":4},"end":{"line":24,"column":null}},"7":{"start":{"line":16,"column":6},"end":{"line":16,"column":null}},"8":{"start":{"line":17,"column":6},"end":{"line":17,"column":null}},"9":{"start":{"line":18,"column":4},"end":{"line":24,"column":null}},"10":{"start":{"line":20,"column":6},"end":{"line":23,"column":null}},"11":{"start":{"line":21,"column":8},"end":{"line":21,"column":null}},"12":{"start":{"line":22,"column":8},"end":{"line":22,"column":null}},"13":{"start":{"line":27,"column":21},"end":{"line":31,"column":null}},"14":{"start":{"line":28,"column":4},"end":{"line":28,"column":null}},"15":{"start":{"line":29,"column":4},"end":{"line":29,"column":null}},"16":{"start":{"line":30,"column":4},"end":{"line":30,"column":null}},"17":{"start":{"line":33,"column":2},"end":{"line":35,"column":null}},"18":{"start":{"line":34,"column":4},"end":{"line":34,"column":null}},"19":{"start":{"line":37,"column":2},"end":{"line":119,"column":null}}},"fnMap":{"0":{"name":"(anonymous_0)","decl":{"start":{"line":8,"column":65},"end":{"line":8,"column":66}},"loc":{"start":{"line":8,"column":96},"end":{"line":121,"column":null}},"line":8},"1":{"name":"(anonymous_1)","decl":{"start":{"line":14,"column":12},"end":{"line":14,"column":18}},"loc":{"start":{"line":14,"column":18},"end":{"line":25,"column":5}},"line":14},"2":{"name":"(anonymous_2)","decl":{"start":{"line":20,"column":17},"end":{"line":20,"column":23}},"loc":{"start":{"line":20,"column":23},"end":{"line":23,"column":9}},"line":20},"3":{"name":"(anonymous_3)","decl":{"start":{"line":27,"column":21},"end":{"line":27,"column":33}},"loc":{"start":{"line":27,"column":33},"end":{"line":31,"column":null}},"line":27}},"branchMap":{"0":{"loc":{"start":{"line":8,"column":68},"end":{"line":8,"column":90}},"type":"default-arg","locations":[{"start":{"line":8,"column":85},"end":{"line":8,"column":90}}],"line":8},"1":{"loc":{"start":{"line":15,"column":4},"end":{"line":24,"column":null}},"type":"if","locations":[{"start":{"line":15,"column":4},"end":{"line":24,"column":null}},{"start":{"line":18,"column":4},"end":{"line":24,"column":null}}],"line":15},"2":{"loc":{"start":{"line":18,"column":4},"end":{"line":24,"column":null}},"type":"if","locations":[{"start":{"line":18,"column":4},"end":{"line":24,"column":null}},{"start":{},"end":{}}],"line":18},"3":{"loc":{"start":{"line":33,"column":2},"end":{"line":35,"column":null}},"type":"if","locations":[{"start":{"line":33,"column":2},"end":{"line":35,"column":null}},{"start":{},"end":{}}],"line":33},"4":{"loc":{"start":{"line":33,"column":6},"end":{"line":33,"column":57}},"type":"binary-expr","locations":[{"start":{"line":33,"column":6},"end":{"line":33,"column":21}},{"start":{"line":33,"column":21},"end":{"line":33,"column":33}},{"start":{"line":33,"column":33},"end":{"line":33,"column":57}}],"line":33},"5":{"loc":{"start":{"line":40,"column":7},"end":{"line":56,"column":null}},"type":"binary-expr","locations":[{"start":{"line":40,"column":7},"end":{"line":40,"column":null}},{"start":{"line":41,"column":8},"end":{"line":56,"column":null}}],"line":40},"6":{"loc":{"start":{"line":50,"column":13},"end":{"line":53,"column":null}},"type":"binary-expr","locations":[{"start":{"line":50,"column":13},"end":{"line":50,"column":null}},{"start":{"line":51,"column":14},"end":{"line":53,"column":null}}],"line":50},"7":{"loc":{"start":{"line":60,"column":7},"end":{"line":75,"column":null}},"type":"binary-expr","locations":[{"start":{"line":60,"column":7},"end":{"line":60,"column":19}},{"start":{"line":60,"column":19},"end":{"line":60,"column":null}},{"start":{"line":61,"column":8},"end":{"line":75,"column":null}}],"line":60},"8":{"loc":{"start":{"line":68,"column":15},"end":{"line":71,"column":null}},"type":"binary-expr","locations":[{"start":{"line":68,"column":15},"end":{"line":68,"column":null}},{"start":{"line":69,"column":16},"end":{"line":71,"column":null}}],"line":68},"9":{"loc":{"start":{"line":79,"column":7},"end":{"line":100,"column":null}},"type":"binary-expr","locations":[{"start":{"line":79,"column":7},"end":{"line":79,"column":19}},{"start":{"line":79,"column":19},"end":{"line":79,"column":34}},{"start":{"line":79,"column":34},"end":{"line":79,"column":58}},{"start":{"line":79,"column":58},"end":{"line":79,"column":null}},{"start":{"line":80,"column":8},"end":{"line":100,"column":null}}],"line":79},"10":{"loc":{"start":{"line":86,"column":13},"end":{"line":97,"column":null}},"type":"cond-expr","locations":[{"start":{"line":87,"column":14},"end":{"line":90,"column":null}},{"start":{"line":92,"column":14},"end":{"line":97,"column":null}}],"line":86}},"s":{"0":1,"1":2,"2":2,"3":2,"4":2,"5":2,"6":2,"7":0,"8":0,"9":2,"10":0,"11":0,"12":0,"13":2,"14":0,"15":0,"16":0,"17":2,"18":2,"19":0},"f":{"0":2,"1":2,"2":0,"3":0},"b":{"0":[2],"1":[0,2],"2":[0,2],"3":[2,0],"4":[2,2,2],"5":[0,0],"6":[0,0],"7":[2,0,0],"8":[0,0],"9":[2,0,0,0,0],"10":[0,0]},"meta":{"lastBranch":11,"lastFunction":4,"lastStatement":20,"seen":{"s:8:65:121:Infinity":0,"f:8:65:8:66":0,"b:8:85:8:90":0,"s:9:46:9:Infinity":1,"s:10:32:10:Infinity":2,"s:11:34:11:Infinity":3,"s:12:34:12:Infinity":4,"s:14:2:25:Infinity":5,"f:14:12:14:18":1,"b:15:4:24:Infinity:18:4:24:Infinity":1,"s:15:4:24:Infinity":6,"s:16:6:16:Infinity":7,"s:17:6:17:Infinity":8,"b:18:4:24:Infinity:undefined:undefined:undefined:undefined":2,"s:18:4:24:Infinity":9,"s:20:6:23:Infinity":10,"f:20:17:20:23":2,"s:21:8:21:Infinity":11,"s:22:8:22:Infinity":12,"s:27:21:31:Infinity":13,"f:27:21:27:33":3,"s:28:4:28:Infinity":14,"s:29:4:29:Infinity":15,"s:30:4:30:Infinity":16,"b:33:2:35:Infinity:undefined:undefined:undefined:undefined":3,"s:33:2:35:Infinity":17,"b:33:6:33:21:33:21:33:33:33:33:33:57":4,"s:34:4:34:Infinity":18,"s:37:2:119:Infinity":19,"b:40:7:40:Infinity:41:8:56:Infinity":5,"b:50:13:50:Infinity:51:14:53:Infinity":6,"b:60:7:60:19:60:19:60:Infinity:61:8:75:Infinity":7,"b:68:15:68:Infinity:69:16:71:Infinity":8,"b:79:7:79:19:79:19:79:34:79:34:79:58:79:58:79:Infinity:80:8:100:Infinity":9,"b:87:14:90:Infinity:92:14:97:Infinity":10}}}
,"/home/ubuntu/BILAN-EASY/src/components/Toast.tsx": {"path":"/home/ubuntu/BILAN-EASY/src/components/Toast.tsx","statementMap":{"0":{"start":{"line":12,"column":36},"end":{"line":70,"column":null}},"1":{"start":{"line":13,"column":2},"end":{"line":19,"column":null}},"2":{"start":{"line":14,"column":18},"end":{"line":16,"column":null}},"3":{"start":{"line":15,"column":6},"end":{"line":15,"column":null}},"4":{"start":{"line":18,"column":4},"end":{"line":18,"column":null}},"5":{"start":{"line":18,"column":17},"end":{"line":18,"column":null}},"6":{"start":{"line":21,"column":21},"end":{"line":26,"column":null}},"7":{"start":{"line":28,"column":16},"end":{"line":49,"column":null}},"8":{"start":{"line":51,"column":2},"end":{"line":68,"column":null}}},"fnMap":{"0":{"name":"(anonymous_0)","decl":{"start":{"line":12,"column":36},"end":{"line":12,"column":37}},"loc":{"start":{"line":12,"column":85},"end":{"line":70,"column":null}},"line":12},"1":{"name":"(anonymous_1)","decl":{"start":{"line":13,"column":12},"end":{"line":13,"column":18}},"loc":{"start":{"line":13,"column":18},"end":{"line":19,"column":5}},"line":13},"2":{"name":"(anonymous_2)","decl":{"start":{"line":14,"column":29},"end":{"line":14,"column":35}},"loc":{"start":{"line":14,"column":35},"end":{"line":16,"column":7}},"line":14},"3":{"name":"(anonymous_3)","decl":{"start":{"line":18,"column":11},"end":{"line":18,"column":17}},"loc":{"start":{"line":18,"column":17},"end":{"line":18,"column":null}},"line":18}},"branchMap":{"0":{"loc":{"start":{"line":12,"column":54},"end":{"line":12,"column":71}},"type":"default-arg","locations":[{"start":{"line":12,"column":65},"end":{"line":12,"column":71}}],"line":12}},"s":{"0":2,"1":4,"2":4,"3":0,"4":4,"5":4,"6":4,"7":4,"8":4},"f":{"0":4,"1":4,"2":0,"3":4},"b":{"0":[4]},"meta":{"lastBranch":1,"lastFunction":4,"lastStatement":9,"seen":{"s:12:36:70:Infinity":0,"f:12:36:12:37":0,"b:12:65:12:71":0,"s:13:2:19:Infinity":1,"f:13:12:13:18":1,"s:14:18:16:Infinity":2,"f:14:29:14:35":2,"s:15:6:15:Infinity":3,"s:18:4:18:Infinity":4,"f:18:11:18:17":3,"s:18:17:18:Infinity":5,"s:21:21:26:Infinity":6,"s:28:16:49:Infinity":7,"s:51:2:68:Infinity":8}}}
,"/home/ubuntu/BILAN-EASY/src/components/ToastProvider.tsx": {"path":"/home/ubuntu/BILAN-EASY/src/components/ToastProvider.tsx","statementMap":{"0":{"start":{"line":18,"column":6},"end":{"line":18,"column":null}},"1":{"start":{"line":20,"column":24},"end":{"line":33,"column":null}},"2":{"start":{"line":21,"column":8},"end":{"line":21,"column":null}},"3":{"start":{"line":22,"column":2},"end":{"line":31,"column":null}},"4":{"start":{"line":24,"column":4},"end":{"line":30,"column":null}},"5":{"start":{"line":32,"column":2},"end":{"line":32,"column":null}},"6":{"start":{"line":35,"column":70},"end":{"line":69,"column":null}},"7":{"start":{"line":36,"column":26},"end":{"line":36,"column":null}},"8":{"start":{"line":38,"column":8},"end":{"line":40,"column":null}},"9":{"start":{"line":39,"column":4},"end":{"line":39,"column":null}},"10":{"start":{"line":39,"column":24},"end":{"line":39,"column":63}},"11":{"start":{"line":39,"column":47},"end":{"line":39,"column":62}},"12":{"start":{"line":42,"column":8},"end":{"line":45,"column":null}},"13":{"start":{"line":43,"column":15},"end":{"line":43,"column":null}},"14":{"start":{"line":44,"column":4},"end":{"line":44,"column":null}},"15":{"start":{"line":44,"column":24},"end":{"line":44,"column":56}},"16":{"start":{"line":47,"column":8},"end":{"line":47,"column":null}},"17":{"start":{"line":47,"column":55},"end":{"line":47,"column":86}},"18":{"start":{"line":48,"column":8},"end":{"line":48,"column":null}},"19":{"start":{"line":48,"column":53},"end":{"line":48,"column":82}},"20":{"start":{"line":49,"column":8},"end":{"line":49,"column":null}},"21":{"start":{"line":49,"column":55},"end":{"line":49,"column":86}},"22":{"start":{"line":50,"column":8},"end":{"line":50,"column":null}},"23":{"start":{"line":50,"column":52},"end":{"line":50,"column":80}},"24":{"start":{"line":52,"column":2},"end":{"line":67,"column":null}},"25":{"start":{"line":59,"column":10},"end":{"line":64,"column":null}},"26":{"start":{"line":63,"column":27},"end":{"line":63,"column":null}}},"fnMap":{"0":{"name":"(anonymous_0)","decl":{"start":{"line":20,"column":24},"end":{"line":20,"column":30}},"loc":{"start":{"line":20,"column":30},"end":{"line":33,"column":null}},"line":20},"1":{"name":"(anonymous_1)","decl":{"start":{"line":25,"column":17},"end":{"line":25,"column":23}},"loc":{"start":{"line":25,"column":23},"end":{"line":25,"column":null}},"line":25},"2":{"name":"(anonymous_2)","decl":{"start":{"line":26,"column":19},"end":{"line":26,"column":25}},"loc":{"start":{"line":26,"column":25},"end":{"line":26,"column":null}},"line":26},"3":{"name":"(anonymous_3)","decl":{"start":{"line":27,"column":17},"end":{"line":27,"column":23}},"loc":{"start":{"line":27,"column":23},"end":{"line":27,"column":null}},"line":27},"4":{"name":"(anonymous_4)","decl":{"start":{"line":28,"column":19},"end":{"line":28,"column":25}},"loc":{"start":{"line":28,"column":25},"end":{"line":28,"column":null}},"line":28},"5":{"name":"(anonymous_5)","decl":{"start":{"line":29,"column":16},"end":{"line":29,"column":22}},"loc":{"start":{"line":29,"column":22},"end":{"line":29,"column":null}},"line":29},"6":{"name":"(anonymous_6)","decl":{"start":{"line":35,"column":70},"end":{"line":35,"column":71}},"loc":{"start":{"line":35,"column":88},"end":{"line":69,"column":null}},"line":35},"7":{"name":"(anonymous_7)","decl":{"start":{"line":38,"column":34},"end":{"line":38,"column":35}},"loc":{"start":{"line":38,"column":50},"end":{"line":40,"column":5}},"line":38},"8":{"name":"(anonymous_8)","decl":{"start":{"line":39,"column":14},"end":{"line":39,"column":15}},"loc":{"start":{"line":39,"column":24},"end":{"line":39,"column":63}},"line":39},"9":{"name":"(anonymous_9)","decl":{"start":{"line":39,"column":36},"end":{"line":39,"column":37}},"loc":{"start":{"line":39,"column":47},"end":{"line":39,"column":62}},"line":39},"10":{"name":"(anonymous_10)","decl":{"start":{"line":42,"column":32},"end":{"line":42,"column":33}},"loc":{"start":{"line":42,"column":79},"end":{"line":45,"column":5}},"line":42},"11":{"name":"(anonymous_11)","decl":{"start":{"line":44,"column":14},"end":{"line":44,"column":15}},"loc":{"start":{"line":44,"column":24},"end":{"line":44,"column":56}},"line":44},"12":{"name":"(anonymous_12)","decl":{"start":{"line":47,"column":34},"end":{"line":47,"column":35}},"loc":{"start":{"line":47,"column":55},"end":{"line":47,"column":86}},"line":47},"13":{"name":"(anonymous_13)","decl":{"start":{"line":48,"column":32},"end":{"line":48,"column":33}},"loc":{"start":{"line":48,"column":53},"end":{"line":48,"column":82}},"line":48},"14":{"name":"(anonymous_14)","decl":{"start":{"line":49,"column":34},"end":{"line":49,"column":35}},"loc":{"start":{"line":49,"column":55},"end":{"line":49,"column":86}},"line":49},"15":{"name":"(anonymous_15)","decl":{"start":{"line":50,"column":31},"end":{"line":50,"column":32}},"loc":{"start":{"line":50,"column":52},"end":{"line":50,"column":80}},"line":50},"16":{"name":"(anonymous_16)","decl":{"start":{"line":58,"column":20},"end":{"line":58,"column":21}},"loc":{"start":{"line":59,"column":10},"end":{"line":64,"column":null}},"line":59},"17":{"name":"(anonymous_17)","decl":{"start":{"line":63,"column":21},"end":{"line":63,"column":27}},"loc":{"start":{"line":63,"column":27},"end":{"line":63,"column":null}},"line":63}},"branchMap":{"0":{"loc":{"start":{"line":22,"column":2},"end":{"line":31,"column":null}},"type":"if","locations":[{"start":{"line":22,"column":2},"end":{"line":31,"column":null}},{"start":{},"end":{}}],"line":22},"1":{"loc":{"start":{"line":42,"column":50},"end":{"line":42,"column":79}},"type":"default-arg","locations":[{"start":{"line":42,"column":68},"end":{"line":42,"column":79}}],"line":42}},"s":{"0":2,"1":2,"2":19,"3":19,"4":0,"5":19,"6":2,"7":22,"8":22,"9":0,"10":0,"11":0,"12":22,"13":8,"14":8,"15":8,"16":22,"17":2,"18":22,"19":2,"20":22,"21":2,"22":22,"23":2,"24":22,"25":4,"26":0},"f":{"0":19,"1":0,"2":0,"3":0,"4":0,"5":0,"6":22,"7":0,"8":0,"9":0,"10":8,"11":8,"12":2,"13":2,"14":2,"15":2,"16":4,"17":0},"b":{"0":[0,19],"1":[8]},"meta":{"lastBranch":2,"lastFunction":18,"lastStatement":27,"seen":{"s:18:6:18:Infinity":0,"s:20:24:33:Infinity":1,"f:20:24:20:30":0,"s:21:8:21:Infinity":2,"b:22:2:31:Infinity:undefined:undefined:undefined:undefined":0,"s:22:2:31:Infinity":3,"s:24:4:30:Infinity":4,"f:25:17:25:23":1,"f:26:19:26:25":2,"f:27:17:27:23":3,"f:28:19:28:25":4,"f:29:16:29:22":5,"s:32:2:32:Infinity":5,"s:35:70:69:Infinity":6,"f:35:70:35:71":6,"s:36:26:36:Infinity":7,"s:38:8:40:Infinity":8,"f:38:34:38:35":7,"s:39:4:39:Infinity":9,"f:39:14:39:15":8,"s:39:24:39:63":10,"f:39:36:39:37":9,"s:39:47:39:62":11,"s:42:8:45:Infinity":12,"f:42:32:42:33":10,"b:42:68:42:79":1,"s:43:15:43:Infinity":13,"s:44:4:44:Infinity":14,"f:44:14:44:15":11,"s:44:24:44:56":15,"s:47:8:47:Infinity":16,"f:47:34:47:35":12,"s:47:55:47:86":17,"s:48:8:48:Infinity":18,"f:48:32:48:33":13,"s:48:53:48:82":19,"s:49:8:49:Infinity":20,"f:49:34:49:35":14,"s:49:55:49:86":21,"s:50:8:50:Infinity":22,"f:50:31:50:32":15,"s:50:52:50:80":23,"s:52:2:67:Infinity":24,"f:58:20:58:21":16,"s:59:10:64:Infinity":25,"f:63:21:63:27":17,"s:63:27:63:Infinity":26}}}
,"/home/ubuntu/BILAN-EASY/src/config/organization.ts": {"path":"/home/ubuntu/BILAN-EASY/src/config/organization.ts","statementMap":{"0":{"start":{"line":85,"column":54},"end":{"line":161,"column":null}},"1":{"start":{"line":166,"column":30},"end":{"line":168,"column":null}},"2":{"start":{"line":167,"column":2},"end":{"line":167,"column":null}},"3":{"start":{"line":173,"column":28},"end":{"line":175,"column":null}},"4":{"start":{"line":174,"column":2},"end":{"line":174,"column":null}},"5":{"start":{"line":180,"column":31},"end":{"line":182,"column":null}},"6":{"start":{"line":181,"column":2},"end":{"line":181,"column":null}},"7":{"start":{"line":187,"column":31},"end":{"line":194,"column":null}},"8":{"start":{"line":188,"column":15},"end":{"line":188,"column":null}},"9":{"start":{"line":189,"column":2},"end":{"line":189,"column":null}},"10":{"start":{"line":189,"column":29},"end":{"line":189,"column":null}},"11":{"start":{"line":190,"column":2},"end":{"line":190,"column":null}},"12":{"start":{"line":190,"column":34},"end":{"line":190,"column":null}},"13":{"start":{"line":191,"column":2},"end":{"line":191,"column":null}},"14":{"start":{"line":191,"column":35},"end":{"line":191,"column":null}},"15":{"start":{"line":192,"column":2},"end":{"line":192,"column":null}},"16":{"start":{"line":192,"column":68},"end":{"line":192,"column":null}},"17":{"start":{"line":193,"column":2},"end":{"line":193,"column":null}},"18":{"start":{"line":199,"column":34},"end":{"line":206,"column":null}},"19":{"start":{"line":200,"column":15},"end":{"line":200,"column":null}},"20":{"start":{"line":201,"column":2},"end":{"line":201,"column":null}},"21":{"start":{"line":201,"column":29},"end":{"line":201,"column":null}},"22":{"start":{"line":202,"column":2},"end":{"line":202,"column":null}},"23":{"start":{"line":202,"column":34},"end":{"line":202,"column":null}},"24":{"start":{"line":203,"column":2},"end":{"line":203,"column":null}},"25":{"start":{"line":203,"column":35},"end":{"line":203,"column":null}},"26":{"start":{"line":204,"column":2},"end":{"line":204,"column":null}},"27":{"start":{"line":204,"column":68},"end":{"line":204,"column":null}},"28":{"start":{"line":205,"column":2},"end":{"line":205,"column":null}},"29":{"start":{"line":211,"column":27},"end":{"line":214,"column":null}},"30":{"start":{"line":212,"column":19},"end":{"line":212,"column":null}},"31":{"start":{"line":213,"column":2},"end":{"line":213,"column":null}}},"fnMap":{"0":{"name":"(anonymous_0)","decl":{"start":{"line":166,"column":30},"end":{"line":166,"column":44}},"loc":{"start":{"line":166,"column":44},"end":{"line":168,"column":null}},"line":166},"1":{"name":"(anonymous_1)","decl":{"start":{"line":173,"column":28},"end":{"line":173,"column":42}},"loc":{"start":{"line":173,"column":42},"end":{"line":175,"column":null}},"line":173},"2":{"name":"(anonymous_2)","decl":{"start":{"line":180,"column":31},"end":{"line":180,"column":45}},"loc":{"start":{"line":180,"column":45},"end":{"line":182,"column":null}},"line":180},"3":{"name":"(anonymous_3)","decl":{"start":{"line":187,"column":31},"end":{"line":187,"column":32}},"loc":{"start":{"line":187,"column":64},"end":{"line":194,"column":null}},"line":187},"4":{"name":"(anonymous_4)","decl":{"start":{"line":199,"column":34},"end":{"line":199,"column":35}},"loc":{"start":{"line":199,"column":67},"end":{"line":206,"column":null}},"line":199},"5":{"name":"(anonymous_5)","decl":{"start":{"line":211,"column":27},"end":{"line":211,"column":41}},"loc":{"start":{"line":211,"column":41},"end":{"line":214,"column":null}},"line":211}},"branchMap":{"0":{"loc":{"start":{"line":189,"column":2},"end":{"line":189,"column":null}},"type":"if","locations":[{"start":{"line":189,"column":2},"end":{"line":189,"column":null}},{"start":{},"end":{}}],"line":189},"1":{"loc":{"start":{"line":190,"column":2},"end":{"line":190,"column":null}},"type":"if","locations":[{"start":{"line":190,"column":2},"end":{"line":190,"column":null}},{"start":{},"end":{}}],"line":190},"2":{"loc":{"start":{"line":191,"column":2},"end":{"line":191,"column":null}},"type":"if","locations":[{"start":{"line":191,"column":2},"end":{"line":191,"column":null}},{"start":{},"end":{}}],"line":191},"3":{"loc":{"start":{"line":192,"column":2},"end":{"line":192,"column":null}},"type":"if","locations":[{"start":{"line":192,"column":2},"end":{"line":192,"column":null}},{"start":{},"end":{}}],"line":192},"4":{"loc":{"start":{"line":192,"column":6},"end":{"line":192,"column":68}},"type":"binary-expr","locations":[{"start":{"line":192,"column":6},"end":{"line":192,"column":38}},{"start":{"line":192,"column":38},"end":{"line":192,"column":68}}],"line":192},"5":{"loc":{"start":{"line":201,"column":2},"end":{"line":201,"column":null}},"type":"if","locations":[{"start":{"line":201,"column":2},"end":{"line":201,"column":null}},{"start":{},"end":{}}],"line":201},"6":{"loc":{"start":{"line":202,"column":2},"end":{"line":202,"column":null}},"type":"if","locations":[{"start":{"line":202,"column":2},"end":{"line":202,"column":null}},{"start":{},"end":{}}],"line":202},"7":{"loc":{"start":{"line":203,"column":2},"end":{"line":203,"column":null}},"type":"if","locations":[{"start":{"line":203,"column":2},"end":{"line":203,"column":null}},{"start":{},"end":{}}],"line":203},"8":{"loc":{"start":{"line":204,"column":2},"end":{"line":204,"column":null}},"type":"if","locations":[{"start":{"line":204,"column":2},"end":{"line":204,"column":null}},{"start":{},"end":{}}],"line":204},"9":{"loc":{"start":{"line":204,"column":6},"end":{"line":204,"column":68}},"type":"binary-expr","locations":[{"start":{"line":204,"column":6},"end":{"line":204,"column":38}},{"start":{"line":204,"column":38},"end":{"line":204,"column":68}}],"line":204}},"s":{"0":3,"1":3,"2":2,"3":3,"4":2,"5":3,"6":2,"7":3,"8":14,"9":14,"10":3,"11":11,"12":11,"13":8,"14":8,"15":5,"16":3,"17":2,"18":3,"19":10,"20":10,"21":2,"22":8,"23":2,"24":6,"25":2,"26":4,"27":2,"28":2,"29":3,"30":2,"31":2},"f":{"0":2,"1":2,"2":2,"3":14,"4":10,"5":2},"b":{"0":[3,11],"1":[3,8],"2":[3,5],"3":[3,2],"4":[5,3],"5":[2,8],"6":[2,6],"7":[2,4],"8":[2,2],"9":[4,3]},"meta":{"lastBranch":10,"lastFunction":6,"lastStatement":32,"seen":{"s:85:54:161:Infinity":0,"s:166:30:168:Infinity":1,"f:166:30:166:44":0,"s:167:2:167:Infinity":2,"s:173:28:175:Infinity":3,"f:173:28:173:42":1,"s:174:2:174:Infinity":4,"s:180:31:182:Infinity":5,"f:180:31:180:45":2,"s:181:2:181:Infinity":6,"s:187:31:194:Infinity":7,"f:187:31:187:32":3,"s:188:15:188:Infinity":8,"b:189:2:189:Infinity:undefined:undefined:undefined:undefined":0,"s:189:2:189:Infinity":9,"s:189:29:189:Infinity":10,"b:190:2:190:Infinity:undefined:undefined:undefined:undefined":1,"s:190:2:190:Infinity":11,"s:190:34:190:Infinity":12,"b:191:2:191:Infinity:undefined:undefined:undefined:undefined":2,"s:191:2:191:Infinity":13,"s:191:35:191:Infinity":14,"b:192:2:192:Infinity:undefined:undefined:undefined:undefined":3,"s:192:2:192:Infinity":15,"b:192:6:192:38:192:38:192:68":4,"s:192:68:192:Infinity":16,"s:193:2:193:Infinity":17,"s:199:34:206:Infinity":18,"f:199:34:199:35":4,"s:200:15:200:Infinity":19,"b:201:2:201:Infinity:undefined:undefined:undefined:undefined":5,"s:201:2:201:Infinity":20,"s:201:29:201:Infinity":21,"b:202:2:202:Infinity:undefined:undefined:undefined:undefined":6,"s:202:2:202:Infinity":22,"s:202:34:202:Infinity":23,"b:203:2:203:Infinity:undefined:undefined:undefined:undefined":7,"s:203:2:203:Infinity":24,"s:203:35:203:Infinity":25,"b:204:2:204:Infinity:undefined:undefined:undefined:undefined":8,"s:204:2:204:Infinity":26,"b:204:6:204:38:204:38:204:68":9,"s:204:68:204:Infinity":27,"s:205:2:205:Infinity":28,"s:211:27:214:Infinity":29,"f:211:27:211:41":5,"s:212:19:212:Infinity":30,"s:213:2:213:Infinity":31}}}
,"/home/ubuntu/BILAN-EASY/src/hooks/useAutoSave.ts": {"path":"/home/ubuntu/BILAN-EASY/src/hooks/useAutoSave.ts","statementMap":{"0":{"start":{"line":20,"column":27},"end":{"line":139,"column":null}},"1":{"start":{"line":31,"column":6},"end":{"line":31,"column":null}},"2":{"start":{"line":33,"column":8},"end":{"line":33,"column":null}},"3":{"start":{"line":34,"column":8},"end":{"line":34,"column":null}},"4":{"start":{"line":36,"column":8},"end":{"line":47,"column":null}},"5":{"start":{"line":37,"column":18},"end":{"line":44,"column":null}},"6":{"start":{"line":45,"column":4},"end":{"line":45,"column":null}},"7":{"start":{"line":46,"column":4},"end":{"line":46,"column":null}},"8":{"start":{"line":49,"column":8},"end":{"line":87,"column":null}},"9":{"start":{"line":50,"column":4},"end":{"line":50,"column":null}},"10":{"start":{"line":50,"column":41},"end":{"line":50,"column":null}},"11":{"start":{"line":52,"column":24},"end":{"line":52,"column":null}},"12":{"start":{"line":55,"column":4},"end":{"line":57,"column":null}},"13":{"start":{"line":56,"column":6},"end":{"line":56,"column":null}},"14":{"start":{"line":59,"column":4},"end":{"line":86,"column":null}},"15":{"start":{"line":60,"column":22},"end":{"line":60,"column":null}},"16":{"start":{"line":62,"column":24},"end":{"line":73,"column":null}},"17":{"start":{"line":75,"column":6},"end":{"line":82,"column":null}},"18":{"start":{"line":76,"column":8},"end":{"line":76,"column":null}},"19":{"start":{"line":77,"column":8},"end":{"line":77,"column":null}},"20":{"start":{"line":79,"column":8},"end":{"line":79,"column":null}},"21":{"start":{"line":80,"column":8},"end":{"line":80,"column":null}},"22":{"start":{"line":81,"column":8},"end":{"line":81,"column":null}},"23":{"start":{"line":84,"column":6},"end":{"line":84,"column":null}},"24":{"start":{"line":85,"column":6},"end":{"line":85,"column":null}},"25":{"start":{"line":89,"column":8},"end":{"line":97,"column":null}},"26":{"start":{"line":91,"column":4},"end":{"line":91,"column":null}},"27":{"start":{"line":94,"column":4},"end":{"line":96,"column":null}},"28":{"start":{"line":95,"column":6},"end":{"line":95,"column":null}},"29":{"start":{"line":100,"column":2},"end":{"line":118,"column":null}},"30":{"start":{"line":101,"column":4},"end":{"line":103,"column":null}},"31":{"start":{"line":102,"column":6},"end":{"line":102,"column":null}},"32":{"start":{"line":106,"column":4},"end":{"line":106,"column":null}},"33":{"start":{"line":109,"column":4},"end":{"line":111,"column":null}},"34":{"start":{"line":110,"column":6},"end":{"line":110,"column":null}},"35":{"start":{"line":113,"column":4},"end":{"line":117,"column":null}},"36":{"start":{"line":114,"column":6},"end":{"line":116,"column":null}},"37":{"start":{"line":115,"column":8},"end":{"line":115,"column":null}},"38":{"start":{"line":121,"column":2},"end":{"line":132,"column":null}},"39":{"start":{"line":122,"column":31},"end":{"line":128,"column":null}},"40":{"start":{"line":123,"column":6},"end":{"line":127,"column":null}},"41":{"start":{"line":124,"column":8},"end":{"line":124,"column":null}},"42":{"start":{"line":125,"column":8},"end":{"line":125,"column":null}},"43":{"start":{"line":126,"column":8},"end":{"line":126,"column":null}},"44":{"start":{"line":130,"column":4},"end":{"line":130,"column":null}},"45":{"start":{"line":131,"column":4},"end":{"line":131,"column":null}},"46":{"start":{"line":131,"column":17},"end":{"line":131,"column":null}},"47":{"start":{"line":134,"column":2},"end":{"line":138,"column":null}}},"fnMap":{"0":{"name":"(anonymous_0)","decl":{"start":{"line":20,"column":27},"end":{"line":20,"column":28}},"loc":{"start":{"line":20,"column":57},"end":{"line":139,"column":null}},"line":20},"1":{"name":"(anonymous_1)","decl":{"start":{"line":36,"column":41},"end":{"line":36,"column":47}},"loc":{"start":{"line":36,"column":47},"end":{"line":47,"column":5}},"line":36},"2":{"name":"(anonymous_2)","decl":{"start":{"line":49,"column":37},"end":{"line":49,"column":49}},"loc":{"start":{"line":49,"column":49},"end":{"line":87,"column":5}},"line":49},"3":{"name":"(anonymous_3)","decl":{"start":{"line":89,"column":27},"end":{"line":89,"column":39}},"loc":{"start":{"line":89,"column":39},"end":{"line":97,"column":5}},"line":89},"4":{"name":"(anonymous_4)","decl":{"start":{"line":100,"column":12},"end":{"line":100,"column":18}},"loc":{"start":{"line":100,"column":18},"end":{"line":118,"column":5}},"line":100},"5":{"name":"(anonymous_5)","decl":{"start":{"line":109,"column":35},"end":{"line":109,"column":41}},"loc":{"start":{"line":109,"column":41},"end":{"line":111,"column":7}},"line":109},"6":{"name":"(anonymous_6)","decl":{"start":{"line":113,"column":11},"end":{"line":113,"column":17}},"loc":{"start":{"line":113,"column":17},"end":{"line":117,"column":null}},"line":113},"7":{"name":"(anonymous_7)","decl":{"start":{"line":121,"column":12},"end":{"line":121,"column":18}},"loc":{"start":{"line":121,"column":18},"end":{"line":132,"column":5}},"line":121},"8":{"name":"(anonymous_8)","decl":{"start":{"line":122,"column":31},"end":{"line":122,"column":32}},"loc":{"start":{"line":122,"column":57},"end":{"line":128,"column":null}},"line":122},"9":{"name":"(anonymous_9)","decl":{"start":{"line":131,"column":11},"end":{"line":131,"column":17}},"loc":{"start":{"line":131,"column":17},"end":{"line":131,"column":null}},"line":131}},"branchMap":{"0":{"loc":{"start":{"line":27,"column":4},"end":{"line":27,"column":null}},"type":"default-arg","locations":[{"start":{"line":27,"column":14},"end":{"line":27,"column":null}}],"line":27},"1":{"loc":{"start":{"line":28,"column":4},"end":{"line":28,"column":null}},"type":"default-arg","locations":[{"start":{"line":28,"column":15},"end":{"line":28,"column":null}}],"line":28},"2":{"loc":{"start":{"line":38,"column":10},"end":{"line":38,"column":null}},"type":"binary-expr","locations":[{"start":{"line":38,"column":10},"end":{"line":38,"column":26}},{"start":{"line":38,"column":26},"end":{"line":38,"column":null}}],"line":38},"3":{"loc":{"start":{"line":50,"column":4},"end":{"line":50,"column":null}},"type":"if","locations":[{"start":{"line":50,"column":4},"end":{"line":50,"column":null}},{"start":{},"end":{}}],"line":50},"4":{"loc":{"start":{"line":50,"column":8},"end":{"line":50,"column":41}},"type":"binary-expr","locations":[{"start":{"line":50,"column":8},"end":{"line":50,"column":19}},{"start":{"line":50,"column":19},"end":{"line":50,"column":41}}],"line":50},"5":{"loc":{"start":{"line":55,"column":4},"end":{"line":57,"column":null}},"type":"if","locations":[{"start":{"line":55,"column":4},"end":{"line":57,"column":null}},{"start":{},"end":{}}],"line":55},"6":{"loc":{"start":{"line":60,"column":22},"end":{"line":60,"column":null}},"type":"binary-expr","locations":[{"start":{"line":60,"column":22},"end":{"line":60,"column":38}},{"start":{"line":60,"column":38},"end":{"line":60,"column":null}}],"line":60},"7":{"loc":{"start":{"line":75,"column":6},"end":{"line":82,"column":null}},"type":"if","locations":[{"start":{"line":75,"column":6},"end":{"line":82,"column":null}},{"start":{"line":78,"column":13},"end":{"line":82,"column":null}}],"line":75},"8":{"loc":{"start":{"line":94,"column":4},"end":{"line":96,"column":null}},"type":"if","locations":[{"start":{"line":94,"column":4},"end":{"line":96,"column":null}},{"start":{},"end":{}}],"line":94},"9":{"loc":{"start":{"line":101,"column":4},"end":{"line":103,"column":null}},"type":"if","locations":[{"start":{"line":101,"column":4},"end":{"line":103,"column":null}},{"start":{},"end":{}}],"line":101},"10":{"loc":{"start":{"line":101,"column":8},"end":{"line":101,"column":42}},"type":"binary-expr","locations":[{"start":{"line":101,"column":8},"end":{"line":101,"column":20}},{"start":{"line":101,"column":20},"end":{"line":101,"column":42}}],"line":101},"11":{"loc":{"start":{"line":114,"column":6},"end":{"line":116,"column":null}},"type":"if","locations":[{"start":{"line":114,"column":6},"end":{"line":116,"column":null}},{"start":{},"end":{}}],"line":114},"12":{"loc":{"start":{"line":123,"column":6},"end":{"line":127,"column":null}},"type":"if","locations":[{"start":{"line":123,"column":6},"end":{"line":127,"column":null}},{"start":{},"end":{}}],"line":123}},"s":{"0":1,"1":15,"2":15,"3":15,"4":15,"5":12,"6":12,"7":12,"8":15,"9":2,"10":2,"11":0,"12":0,"13":0,"14":0,"15":0,"16":2,"17":0,"18":0,"19":0,"20":0,"21":0,"22":0,"23":0,"24":0,"25":15,"26":1,"27":1,"28":1,"29":15,"30":15,"31":11,"32":4,"33":4,"34":0,"35":4,"36":4,"37":4,"38":15,"39":15,"40":0,"41":0,"42":0,"43":0,"44":15,"45":15,"46":15,"47":15},"f":{"0":15,"1":12,"2":2,"3":1,"4":15,"5":0,"6":4,"7":15,"8":0,"9":15},"b":{"0":[15],"1":[15],"2":[12,0],"3":[2,0],"4":[2,2],"5":[0,0],"6":[0,0],"7":[0,0],"8":[1,0],"9":[11,4],"10":[15,14],"11":[4,0],"12":[0,0]},"meta":{"lastBranch":13,"lastFunction":10,"lastStatement":48,"seen":{"s:20:27:139:Infinity":0,"f:20:27:20:28":0,"s:31:6:31:Infinity":1,"b:27:14:27:Infinity":0,"b:28:15:28:Infinity":1,"s:33:8:33:Infinity":2,"s:34:8:34:Infinity":3,"s:36:8:47:Infinity":4,"f:36:41:36:47":1,"s:37:18:44:Infinity":5,"b:38:10:38:26:38:26:38:Infinity":2,"s:45:4:45:Infinity":6,"s:46:4:46:Infinity":7,"s:49:8:87:Infinity":8,"f:49:37:49:49":2,"b:50:4:50:Infinity:undefined:undefined:undefined:undefined":3,"s:50:4:50:Infinity":9,"b:50:8:50:19:50:19:50:41":4,"s:50:41:50:Infinity":10,"s:52:24:52:Infinity":11,"b:55:4:57:Infinity:undefined:undefined:undefined:undefined":5,"s:55:4:57:Infinity":12,"s:56:6:56:Infinity":13,"s:59:4:86:Infinity":14,"s:60:22:60:Infinity":15,"b:60:22:60:38:60:38:60:Infinity":6,"s:62:24:73:Infinity":16,"b:75:6:82:Infinity:78:13:82:Infinity":7,"s:75:6:82:Infinity":17,"s:76:8:76:Infinity":18,"s:77:8:77:Infinity":19,"s:79:8:79:Infinity":20,"s:80:8:80:Infinity":21,"s:81:8:81:Infinity":22,"s:84:6:84:Infinity":23,"s:85:6:85:Infinity":24,"s:89:8:97:Infinity":25,"f:89:27:89:39":3,"s:91:4:91:Infinity":26,"b:94:4:96:Infinity:undefined:undefined:undefined:undefined":8,"s:94:4:96:Infinity":27,"s:95:6:95:Infinity":28,"s:100:2:118:Infinity":29,"f:100:12:100:18":4,"b:101:4:103:Infinity:undefined:undefined:undefined:undefined":9,"s:101:4:103:Infinity":30,"b:101:8:101:20:101:20:101:42":10,"s:102:6:102:Infinity":31,"s:106:4:106:Infinity":32,"s:109:4:111:Infinity":33,"f:109:35:109:41":5,"s:110:6:110:Infinity":34,"s:113:4:117:Infinity":35,"f:113:11:113:17":6,"b:114:6:116:Infinity:undefined:undefined:undefined:undefined":11,"s:114:6:116:Infinity":36,"s:115:8:115:Infinity":37,"s:121:2:132:Infinity":38,"f:121:12:121:18":7,"s:122:31:128:Infinity":39,"f:122:31:122:32":8,"b:123:6:127:Infinity:undefined:undefined:undefined:undefined":12,"s:123:6:127:Infinity":40,"s:124:8:124:Infinity":41,"s:125:8:125:Infinity":42,"s:126:8:126:Infinity":43,"s:130:4:130:Infinity":44,"s:131:4:131:Infinity":45,"f:131:11:131:17":9,"s:131:17:131:Infinity":46,"s:134:2:138:Infinity":47}}}
,"/home/ubuntu/BILAN-EASY/src/hooks/useDarkMode.ts": {"path":"/home/ubuntu/BILAN-EASY/src/hooks/useDarkMode.ts","statementMap":{"0":{"start":{"line":3,"column":27},"end":{"line":33,"column":null}},"1":{"start":{"line":5,"column":25},"end":{"line":12,"column":null}},"2":{"start":{"line":6,"column":22},"end":{"line":6,"column":null}},"3":{"start":{"line":7,"column":4},"end":{"line":9,"column":null}},"4":{"start":{"line":8,"column":6},"end":{"line":8,"column":null}},"5":{"start":{"line":11,"column":4},"end":{"line":11,"column":null}},"6":{"start":{"line":14,"column":34},"end":{"line":14,"column":null}},"7":{"start":{"line":16,"column":2},"end":{"line":26,"column":null}},"8":{"start":{"line":18,"column":4},"end":{"line":22,"column":null}},"9":{"start":{"line":19,"column":6},"end":{"line":19,"column":null}},"10":{"start":{"line":21,"column":6},"end":{"line":21,"column":null}},"11":{"start":{"line":25,"column":4},"end":{"line":25,"column":null}},"12":{"start":{"line":28,"column":25},"end":{"line":30,"column":null}},"13":{"start":{"line":29,"column":4},"end":{"line":29,"column":null}},"14":{"start":{"line":32,"column":2},"end":{"line":32,"column":null}}},"fnMap":{"0":{"name":"(anonymous_0)","decl":{"start":{"line":3,"column":27},"end":{"line":3,"column":33}},"loc":{"start":{"line":3,"column":33},"end":{"line":33,"column":null}},"line":3},"1":{"name":"(anonymous_1)","decl":{"start":{"line":5,"column":25},"end":{"line":5,"column":31}},"loc":{"start":{"line":5,"column":31},"end":{"line":12,"column":null}},"line":5},"2":{"name":"(anonymous_2)","decl":{"start":{"line":16,"column":12},"end":{"line":16,"column":18}},"loc":{"start":{"line":16,"column":18},"end":{"line":26,"column":5}},"line":16},"3":{"name":"(anonymous_3)","decl":{"start":{"line":28,"column":25},"end":{"line":28,"column":31}},"loc":{"start":{"line":28,"column":31},"end":{"line":30,"column":null}},"line":28}},"branchMap":{"0":{"loc":{"start":{"line":7,"column":4},"end":{"line":9,"column":null}},"type":"if","locations":[{"start":{"line":7,"column":4},"end":{"line":9,"column":null}},{"start":{},"end":{}}],"line":7},"1":{"loc":{"start":{"line":11,"column":11},"end":{"line":11,"column":null}},"type":"binary-expr","locations":[{"start":{"line":11,"column":11},"end":{"line":11,"column":32}},{"start":{"line":11,"column":32},"end":{"line":11,"column":null}}],"line":11},"2":{"loc":{"start":{"line":18,"column":4},"end":{"line":22,"column":null}},"type":"if","locations":[{"start":{"line":18,"column":4},"end":{"line":22,"column":null}},{"start":{"line":20,"column":11},"end":{"line":22,"column":null}}],"line":18}},"s":{"0":1,"1":5,"2":3,"3":3,"4":3,"5":0,"6":5,"7":5,"8":5,"9":2,"10":3,"11":5,"12":5,"13":2,"14":5},"f":{"0":5,"1":3,"2":5,"3":2},"b":{"0":[3,0],"1":[0,0],"2":[2,3]},"meta":{"lastBranch":3,"lastFunction":4,"lastStatement":15,"seen":{"s:3:27:33:Infinity":0,"f:3:27:3:33":0,"s:5:25:12:Infinity":1,"f:5:25:5:31":1,"s:6:22:6:Infinity":2,"b:7:4:9:Infinity:undefined:undefined:undefined:undefined":0,"s:7:4:9:Infinity":3,"s:8:6:8:Infinity":4,"s:11:4:11:Infinity":5,"b:11:11:11:32:11:32:11:Infinity":1,"s:14:34:14:Infinity":6,"s:16:2:26:Infinity":7,"f:16:12:16:18":2,"b:18:4:22:Infinity:20:11:22:Infinity":2,"s:18:4:22:Infinity":8,"s:19:6:19:Infinity":9,"s:21:6:21:Infinity":10,"s:25:4:25:Infinity":11,"s:28:25:30:Infinity":12,"f:28:25:28:31":3,"s:29:4:29:Infinity":13,"s:32:2:32:Infinity":14}}}
,"/home/ubuntu/BILAN-EASY/src/hooks/useOffline.ts": {"path":"/home/ubuntu/BILAN-EASY/src/hooks/useOffline.ts","statementMap":{"0":{"start":{"line":21,"column":28},"end":{"line":21,"column":null}},"1":{"start":{"line":26,"column":26},"end":{"line":191,"column":null}},"2":{"start":{"line":27,"column":30},"end":{"line":27,"column":null}},"3":{"start":{"line":28,"column":54},"end":{"line":28,"column":null}},"4":{"start":{"line":29,"column":46},"end":{"line":29,"column":null}},"5":{"start":{"line":32,"column":2},"end":{"line":50,"column":null}},"6":{"start":{"line":33,"column":25},"end":{"line":37,"column":null}},"7":{"start":{"line":34,"column":6},"end":{"line":34,"column":null}},"8":{"start":{"line":36,"column":6},"end":{"line":36,"column":null}},"9":{"start":{"line":39,"column":26},"end":{"line":41,"column":null}},"10":{"start":{"line":40,"column":6},"end":{"line":40,"column":null}},"11":{"start":{"line":43,"column":4},"end":{"line":43,"column":null}},"12":{"start":{"line":44,"column":4},"end":{"line":44,"column":null}},"13":{"start":{"line":46,"column":4},"end":{"line":49,"column":null}},"14":{"start":{"line":47,"column":6},"end":{"line":47,"column":null}},"15":{"start":{"line":48,"column":6},"end":{"line":48,"column":null}},"16":{"start":{"line":53,"column":2},"end":{"line":76,"column":null}},"17":{"start":{"line":54,"column":4},"end":{"line":75,"column":null}},"18":{"start":{"line":55,"column":6},"end":{"line":74,"column":null}},"19":{"start":{"line":57,"column":10},"end":{"line":57,"column":null}},"20":{"start":{"line":58,"column":10},"end":{"line":58,"column":null}},"21":{"start":{"line":61,"column":10},"end":{"line":70,"column":null}},"22":{"start":{"line":62,"column":30},"end":{"line":62,"column":null}},"23":{"start":{"line":63,"column":12},"end":{"line":69,"column":null}},"24":{"start":{"line":64,"column":14},"end":{"line":68,"column":null}},"25":{"start":{"line":65,"column":16},"end":{"line":67,"column":null}},"26":{"start":{"line":66,"column":18},"end":{"line":66,"column":null}},"27":{"start":{"line":73,"column":10},"end":{"line":73,"column":null}},"28":{"start":{"line":79,"column":2},"end":{"line":82,"column":null}},"29":{"start":{"line":80,"column":18},"end":{"line":80,"column":null}},"30":{"start":{"line":80,"column":46},"end":{"line":80,"column":55}},"31":{"start":{"line":81,"column":4},"end":{"line":81,"column":null}},"32":{"start":{"line":85,"column":8},"end":{"line":93,"column":null}},"33":{"start":{"line":86,"column":4},"end":{"line":92,"column":null}},"34":{"start":{"line":87,"column":21},"end":{"line":87,"column":null}},"35":{"start":{"line":88,"column":6},"end":{"line":88,"column":null}},"36":{"start":{"line":90,"column":6},"end":{"line":90,"column":null}},"37":{"start":{"line":91,"column":6},"end":{"line":91,"column":null}},"38":{"start":{"line":96,"column":8},"end":{"line":103,"column":null}},"39":{"start":{"line":97,"column":4},"end":{"line":102,"column":null}},"40":{"start":{"line":98,"column":6},"end":{"line":98,"column":null}},"41":{"start":{"line":99,"column":6},"end":{"line":99,"column":null}},"42":{"start":{"line":99,"column":43},"end":{"line":99,"column":52}},"43":{"start":{"line":101,"column":6},"end":{"line":101,"column":null}},"44":{"start":{"line":106,"column":8},"end":{"line":125,"column":null}},"45":{"start":{"line":107,"column":20},"end":{"line":107,"column":null}},"46":{"start":{"line":108,"column":26},"end":{"line":108,"column":null}},"47":{"start":{"line":108,"column":49},"end":{"line":108,"column":62}},"48":{"start":{"line":110,"column":34},"end":{"line":115,"column":null}},"49":{"start":{"line":117,"column":4},"end":{"line":121,"column":null}},"50":{"start":{"line":118,"column":6},"end":{"line":118,"column":null}},"51":{"start":{"line":120,"column":6},"end":{"line":120,"column":null}},"52":{"start":{"line":123,"column":4},"end":{"line":123,"column":null}},"53":{"start":{"line":124,"column":4},"end":{"line":124,"column":null}},"54":{"start":{"line":128,"column":8},"end":{"line":132,"column":null}},"55":{"start":{"line":129,"column":20},"end":{"line":129,"column":null}},"56":{"start":{"line":130,"column":18},"end":{"line":130,"column":null}},"57":{"start":{"line":130,"column":36},"end":{"line":130,"column":49}},"58":{"start":{"line":131,"column":4},"end":{"line":131,"column":null}},"59":{"start":{"line":135,"column":8},"end":{"line":137,"column":null}},"60":{"start":{"line":136,"column":4},"end":{"line":136,"column":null}},"61":{"start":{"line":136,"column":43},"end":{"line":136,"column":52}},"62":{"start":{"line":140,"column":8},"end":{"line":143,"column":null}},"63":{"start":{"line":141,"column":20},"end":{"line":141,"column":null}},"64":{"start":{"line":141,"column":52},"end":{"line":141,"column":60}},"65":{"start":{"line":142,"column":4},"end":{"line":142,"column":null}},"66":{"start":{"line":146,"column":8},"end":{"line":179,"column":null}},"67":{"start":{"line":147,"column":4},"end":{"line":150,"column":null}},"68":{"start":{"line":148,"column":6},"end":{"line":148,"column":null}},"69":{"start":{"line":149,"column":6},"end":{"line":149,"column":null}},"70":{"start":{"line":152,"column":20},"end":{"line":152,"column":null}},"71":{"start":{"line":153,"column":4},"end":{"line":156,"column":null}},"72":{"start":{"line":154,"column":6},"end":{"line":154,"column":null}},"73":{"start":{"line":155,"column":6},"end":{"line":155,"column":null}},"74":{"start":{"line":158,"column":4},"end":{"line":158,"column":null}},"75":{"start":{"line":160,"column":20},"end":{"line":160,"column":null}},"76":{"start":{"line":161,"column":18},"end":{"line":161,"column":null}},"77":{"start":{"line":163,"column":4},"end":{"line":175,"column":null}},"78":{"start":{"line":164,"column":6},"end":{"line":174,"column":null}},"79":{"start":{"line":166,"column":22},"end":{"line":166,"column":null}},"80":{"start":{"line":166,"column":45},"end":{"line":166,"column":63}},"81":{"start":{"line":167,"column":8},"end":{"line":169,"column":null}},"82":{"start":{"line":168,"column":10},"end":{"line":168,"column":null}},"83":{"start":{"line":170,"column":8},"end":{"line":170,"column":null}},"84":{"start":{"line":172,"column":8},"end":{"line":172,"column":null}},"85":{"start":{"line":173,"column":8},"end":{"line":173,"column":null}},"86":{"start":{"line":177,"column":4},"end":{"line":177,"column":null}},"87":{"start":{"line":178,"column":4},"end":{"line":178,"column":null}},"88":{"start":{"line":181,"column":2},"end":{"line":190,"column":null}}},"fnMap":{"0":{"name":"(anonymous_0)","decl":{"start":{"line":26,"column":26},"end":{"line":26,"column":50}},"loc":{"start":{"line":26,"column":50},"end":{"line":191,"column":null}},"line":26},"1":{"name":"(anonymous_1)","decl":{"start":{"line":32,"column":12},"end":{"line":32,"column":18}},"loc":{"start":{"line":32,"column":18},"end":{"line":50,"column":5}},"line":32},"2":{"name":"(anonymous_2)","decl":{"start":{"line":33,"column":25},"end":{"line":33,"column":31}},"loc":{"start":{"line":33,"column":31},"end":{"line":37,"column":null}},"line":33},"3":{"name":"(anonymous_3)","decl":{"start":{"line":39,"column":26},"end":{"line":39,"column":32}},"loc":{"start":{"line":39,"column":32},"end":{"line":41,"column":null}},"line":39},"4":{"name":"(anonymous_4)","decl":{"start":{"line":46,"column":11},"end":{"line":46,"column":17}},"loc":{"start":{"line":46,"column":17},"end":{"line":49,"column":null}},"line":46},"5":{"name":"(anonymous_5)","decl":{"start":{"line":53,"column":12},"end":{"line":53,"column":18}},"loc":{"start":{"line":53,"column":18},"end":{"line":76,"column":5}},"line":53},"6":{"name":"(anonymous_6)","decl":{"start":{"line":56,"column":14},"end":{"line":56,"column":15}},"loc":{"start":{"line":56,"column":32},"end":{"line":71,"column":9}},"line":56},"7":{"name":"(anonymous_7)","decl":{"start":{"line":61,"column":55},"end":{"line":61,"column":61}},"loc":{"start":{"line":61,"column":61},"end":{"line":70,"column":11}},"line":61},"8":{"name":"(anonymous_8)","decl":{"start":{"line":64,"column":56},"end":{"line":64,"column":62}},"loc":{"start":{"line":64,"column":62},"end":{"line":68,"column":15}},"line":64},"9":{"name":"(anonymous_9)","decl":{"start":{"line":72,"column":15},"end":{"line":72,"column":16}},"loc":{"start":{"line":72,"column":26},"end":{"line":74,"column":9}},"line":72},"10":{"name":"(anonymous_10)","decl":{"start":{"line":79,"column":12},"end":{"line":79,"column":18}},"loc":{"start":{"line":79,"column":18},"end":{"line":82,"column":5}},"line":79},"11":{"name":"(anonymous_11)","decl":{"start":{"line":80,"column":41},"end":{"line":80,"column":46}},"loc":{"start":{"line":80,"column":46},"end":{"line":80,"column":55}},"line":80},"12":{"name":"(anonymous_12)","decl":{"start":{"line":85,"column":40},"end":{"line":85,"column":61}},"loc":{"start":{"line":85,"column":61},"end":{"line":93,"column":5}},"line":85},"13":{"name":"(anonymous_13)","decl":{"start":{"line":96,"column":40},"end":{"line":96,"column":41}},"loc":{"start":{"line":96,"column":65},"end":{"line":103,"column":5}},"line":96},"14":{"name":"(anonymous_14)","decl":{"start":{"line":99,"column":38},"end":{"line":99,"column":43}},"loc":{"start":{"line":99,"column":43},"end":{"line":99,"column":52}},"line":99},"15":{"name":"(anonymous_15)","decl":{"start":{"line":106,"column":34},"end":{"line":106,"column":41}},"loc":{"start":{"line":106,"column":83},"end":{"line":125,"column":5}},"line":106},"16":{"name":"(anonymous_16)","decl":{"start":{"line":108,"column":44},"end":{"line":108,"column":49}},"loc":{"start":{"line":108,"column":49},"end":{"line":108,"column":62}},"line":108},"17":{"name":"(anonymous_17)","decl":{"start":{"line":128,"column":33},"end":{"line":128,"column":34}},"loc":{"start":{"line":128,"column":62},"end":{"line":132,"column":5}},"line":128},"18":{"name":"(anonymous_18)","decl":{"start":{"line":130,"column":31},"end":{"line":130,"column":36}},"loc":{"start":{"line":130,"column":36},"end":{"line":130,"column":49}},"line":130},"19":{"name":"(anonymous_19)","decl":{"start":{"line":135,"column":36},"end":{"line":135,"column":57}},"loc":{"start":{"line":135,"column":57},"end":{"line":137,"column":5}},"line":135},"20":{"name":"(anonymous_20)","decl":{"start":{"line":136,"column":38},"end":{"line":136,"column":43}},"loc":{"start":{"line":136,"column":43},"end":{"line":136,"column":52}},"line":136},"21":{"name":"(anonymous_21)","decl":{"start":{"line":140,"column":35},"end":{"line":140,"column":41}},"loc":{"start":{"line":140,"column":41},"end":{"line":143,"column":5}},"line":140},"22":{"name":"(anonymous_22)","decl":{"start":{"line":141,"column":47},"end":{"line":141,"column":52}},"loc":{"start":{"line":141,"column":52},"end":{"line":141,"column":60}},"line":141},"23":{"name":"(anonymous_23)","decl":{"start":{"line":146,"column":30},"end":{"line":146,"column":60}},"loc":{"start":{"line":146,"column":60},"end":{"line":179,"column":5}},"line":146},"24":{"name":"(anonymous_24)","decl":{"start":{"line":166,"column":40},"end":{"line":166,"column":45}},"loc":{"start":{"line":166,"column":45},"end":{"line":166,"column":63}},"line":166}},"branchMap":{"0":{"loc":{"start":{"line":54,"column":4},"end":{"line":75,"column":null}},"type":"if","locations":[{"start":{"line":54,"column":4},"end":{"line":75,"column":null}},{"start":{},"end":{}}],"line":54},"1":{"loc":{"start":{"line":63,"column":12},"end":{"line":69,"column":null}},"type":"if","locations":[{"start":{"line":63,"column":12},"end":{"line":69,"column":null}},{"start":{},"end":{}}],"line":63},"2":{"loc":{"start":{"line":65,"column":16},"end":{"line":67,"column":null}},"type":"if","locations":[{"start":{"line":65,"column":16},"end":{"line":67,"column":null}},{"start":{},"end":{}}],"line":65},"3":{"loc":{"start":{"line":65,"column":20},"end":{"line":65,"column":91}},"type":"binary-expr","locations":[{"start":{"line":65,"column":20},"end":{"line":65,"column":55}},{"start":{"line":65,"column":55},"end":{"line":65,"column":91}}],"line":65},"4":{"loc":{"start":{"line":88,"column":13},"end":{"line":88,"column":null}},"type":"cond-expr","locations":[{"start":{"line":88,"column":22},"end":{"line":88,"column":43}},{"start":{"line":88,"column":43},"end":{"line":88,"column":null}}],"line":88},"5":{"loc":{"start":{"line":117,"column":4},"end":{"line":121,"column":null}},"type":"if","locations":[{"start":{"line":117,"column":4},"end":{"line":121,"column":null}},{"start":{"line":119,"column":11},"end":{"line":121,"column":null}}],"line":117},"6":{"loc":{"start":{"line":131,"column":11},"end":{"line":131,"column":null}},"type":"cond-expr","locations":[{"start":{"line":131,"column":19},"end":{"line":131,"column":32}},{"start":{"line":131,"column":32},"end":{"line":131,"column":null}}],"line":131},"7":{"loc":{"start":{"line":147,"column":4},"end":{"line":150,"column":null}},"type":"if","locations":[{"start":{"line":147,"column":4},"end":{"line":150,"column":null}},{"start":{},"end":{}}],"line":147},"8":{"loc":{"start":{"line":153,"column":4},"end":{"line":156,"column":null}},"type":"if","locations":[{"start":{"line":153,"column":4},"end":{"line":156,"column":null}},{"start":{},"end":{}}],"line":153},"9":{"loc":{"start":{"line":167,"column":8},"end":{"line":169,"column":null}},"type":"if","locations":[{"start":{"line":167,"column":8},"end":{"line":169,"column":null}},{"start":{},"end":{}}],"line":167}},"s":{"0":1,"1":1,"2":21,"3":21,"4":21,"5":21,"6":21,"7":0,"8":0,"9":21,"10":0,"11":21,"12":21,"13":21,"14":21,"15":21,"16":21,"17":21,"18":21,"19":21,"20":21,"21":21,"22":0,"23":0,"24":0,"25":0,"26":0,"27":21,"28":21,"29":21,"30":0,"31":21,"32":21,"33":30,"34":30,"35":30,"36":0,"37":0,"38":21,"39":3,"40":3,"41":3,"42":2,"43":0,"44":21,"45":2,"46":2,"47":0,"48":2,"49":2,"50":0,"51":2,"52":2,"53":2,"54":21,"55":2,"56":2,"57":0,"58":2,"59":21,"60":25,"61":0,"62":21,"63":1,"64":0,"65":1,"66":21,"67":2,"68":0,"69":0,"70":2,"71":2,"72":2,"73":2,"74":0,"75":0,"76":0,"77":0,"78":0,"79":0,"80":0,"81":0,"82":0,"83":0,"84":0,"85":0,"86":0,"87":0,"88":21},"f":{"0":21,"1":21,"2":0,"3":0,"4":21,"5":21,"6":21,"7":0,"8":0,"9":21,"10":21,"11":0,"12":30,"13":3,"14":2,"15":2,"16":0,"17":2,"18":0,"19":25,"20":0,"21":1,"22":0,"23":2,"24":0},"b":{"0":[21,0],"1":[0,0],"2":[0,0],"3":[0,0],"4":[0,30],"5":[0,2],"6":[0,2],"7":[0,2],"8":[2,0],"9":[0,0]},"meta":{"lastBranch":10,"lastFunction":25,"lastStatement":89,"seen":{"s:21:28:21:Infinity":0,"s:26:26:191:Infinity":1,"f:26:26:26:50":0,"s:27:30:27:Infinity":2,"s:28:54:28:Infinity":3,"s:29:46:29:Infinity":4,"s:32:2:50:Infinity":5,"f:32:12:32:18":1,"s:33:25:37:Infinity":6,"f:33:25:33:31":2,"s:34:6:34:Infinity":7,"s:36:6:36:Infinity":8,"s:39:26:41:Infinity":9,"f:39:26:39:32":3,"s:40:6:40:Infinity":10,"s:43:4:43:Infinity":11,"s:44:4:44:Infinity":12,"s:46:4:49:Infinity":13,"f:46:11:46:17":4,"s:47:6:47:Infinity":14,"s:48:6:48:Infinity":15,"s:53:2:76:Infinity":16,"f:53:12:53:18":5,"b:54:4:75:Infinity:undefined:undefined:undefined:undefined":0,"s:54:4:75:Infinity":17,"s:55:6:74:Infinity":18,"f:56:14:56:15":6,"s:57:10:57:Infinity":19,"s:58:10:58:Infinity":20,"s:61:10:70:Infinity":21,"f:61:55:61:61":7,"s:62:30:62:Infinity":22,"b:63:12:69:Infinity:undefined:undefined:undefined:undefined":1,"s:63:12:69:Infinity":23,"s:64:14:68:Infinity":24,"f:64:56:64:62":8,"b:65:16:67:Infinity:undefined:undefined:undefined:undefined":2,"s:65:16:67:Infinity":25,"b:65:20:65:55:65:55:65:91":3,"s:66:18:66:Infinity":26,"f:72:15:72:16":9,"s:73:10:73:Infinity":27,"s:79:2:82:Infinity":28,"f:79:12:79:18":10,"s:80:18:80:Infinity":29,"f:80:41:80:46":11,"s:80:46:80:55":30,"s:81:4:81:Infinity":31,"s:85:8:93:Infinity":32,"f:85:40:85:61":12,"s:86:4:92:Infinity":33,"s:87:21:87:Infinity":34,"s:88:6:88:Infinity":35,"b:88:22:88:43:88:43:88:Infinity":4,"s:90:6:90:Infinity":36,"s:91:6:91:Infinity":37,"s:96:8:103:Infinity":38,"f:96:40:96:41":13,"s:97:4:102:Infinity":39,"s:98:6:98:Infinity":40,"s:99:6:99:Infinity":41,"f:99:38:99:43":14,"s:99:43:99:52":42,"s:101:6:101:Infinity":43,"s:106:8:125:Infinity":44,"f:106:34:106:41":15,"s:107:20:107:Infinity":45,"s:108:26:108:Infinity":46,"f:108:44:108:49":16,"s:108:49:108:62":47,"s:110:34:115:Infinity":48,"b:117:4:121:Infinity:119:11:121:Infinity":5,"s:117:4:121:Infinity":49,"s:118:6:118:Infinity":50,"s:120:6:120:Infinity":51,"s:123:4:123:Infinity":52,"s:124:4:124:Infinity":53,"s:128:8:132:Infinity":54,"f:128:33:128:34":17,"s:129:20:129:Infinity":55,"s:130:18:130:Infinity":56,"f:130:31:130:36":18,"s:130:36:130:49":57,"s:131:4:131:Infinity":58,"b:131:19:131:32:131:32:131:Infinity":6,"s:135:8:137:Infinity":59,"f:135:36:135:57":19,"s:136:4:136:Infinity":60,"f:136:38:136:43":20,"s:136:43:136:52":61,"s:140:8:143:Infinity":62,"f:140:35:140:41":21,"s:141:20:141:Infinity":63,"f:141:47:141:52":22,"s:141:52:141:60":64,"s:142:4:142:Infinity":65,"s:146:8:179:Infinity":66,"f:146:30:146:60":23,"b:147:4:150:Infinity:undefined:undefined:undefined:undefined":7,"s:147:4:150:Infinity":67,"s:148:6:148:Infinity":68,"s:149:6:149:Infinity":69,"s:152:20:152:Infinity":70,"b:153:4:156:Infinity:undefined:undefined:undefined:undefined":8,"s:153:4:156:Infinity":71,"s:154:6:154:Infinity":72,"s:155:6:155:Infinity":73,"s:158:4:158:Infinity":74,"s:160:20:160:Infinity":75,"s:161:18:161:Infinity":76,"s:163:4:175:Infinity":77,"s:164:6:174:Infinity":78,"s:166:22:166:Infinity":79,"f:166:40:166:45":24,"s:166:45:166:63":80,"b:167:8:169:Infinity:undefined:undefined:undefined:undefined":9,"s:167:8:169:Infinity":81,"s:168:10:168:Infinity":82,"s:170:8:170:Infinity":83,"s:172:8:172:Infinity":84,"s:173:8:173:Infinity":85,"s:177:4:177:Infinity":86,"s:178:4:178:Infinity":87,"s:181:2:190:Infinity":88}}}
,"/home/ubuntu/BILAN-EASY/src/services/authService.ts": {"path":"/home/ubuntu/BILAN-EASY/src/services/authService.ts","statementMap":{"0":{"start":{"line":3,"column":27},"end":{"line":100,"column":null}},"1":{"start":{"line":6,"column":28},"end":{"line":14,"column":null}},"2":{"start":{"line":16,"column":4},"end":{"line":16,"column":null}},"3":{"start":{"line":16,"column":15},"end":{"line":16,"column":null}},"4":{"start":{"line":17,"column":4},"end":{"line":17,"column":null}},"5":{"start":{"line":22,"column":4},"end":{"line":22,"column":null}},"6":{"start":{"line":23,"column":28},"end":{"line":26,"column":null}},"7":{"start":{"line":28,"column":4},"end":{"line":31,"column":null}},"8":{"start":{"line":29,"column":6},"end":{"line":29,"column":null}},"9":{"start":{"line":30,"column":6},"end":{"line":30,"column":null}},"10":{"start":{"line":32,"column":4},"end":{"line":32,"column":null}},"11":{"start":{"line":33,"column":4},"end":{"line":33,"column":null}},"12":{"start":{"line":38,"column":22},"end":{"line":38,"column":null}},"13":{"start":{"line":39,"column":4},"end":{"line":39,"column":null}},"14":{"start":{"line":39,"column":15},"end":{"line":39,"column":null}},"15":{"start":{"line":44,"column":31},"end":{"line":44,"column":null}},"16":{"start":{"line":45,"column":4},"end":{"line":45,"column":null}},"17":{"start":{"line":50,"column":17},"end":{"line":50,"column":null}},"18":{"start":{"line":51,"column":4},"end":{"line":54,"column":null}},"19":{"start":{"line":52,"column":6},"end":{"line":52,"column":null}},"20":{"start":{"line":53,"column":6},"end":{"line":53,"column":null}},"21":{"start":{"line":56,"column":4},"end":{"line":56,"column":null}},"22":{"start":{"line":57,"column":28},"end":{"line":61,"column":null}},"23":{"start":{"line":63,"column":4},"end":{"line":66,"column":null}},"24":{"start":{"line":64,"column":6},"end":{"line":64,"column":null}},"25":{"start":{"line":65,"column":6},"end":{"line":65,"column":null}},"26":{"start":{"line":67,"column":4},"end":{"line":67,"column":null}},"27":{"start":{"line":68,"column":4},"end":{"line":68,"column":null}},"28":{"start":{"line":73,"column":20},"end":{"line":73,"column":null}},"29":{"start":{"line":74,"column":4},"end":{"line":74,"column":null}},"30":{"start":{"line":82,"column":17},"end":{"line":82,"column":null}},"31":{"start":{"line":83,"column":4},"end":{"line":83,"column":null}},"32":{"start":{"line":83,"column":15},"end":{"line":83,"column":null}},"33":{"start":{"line":85,"column":28},"end":{"line":90,"column":null}},"34":{"start":{"line":92,"column":4},"end":{"line":92,"column":null}},"35":{"start":{"line":92,"column":15},"end":{"line":92,"column":null}},"36":{"start":{"line":93,"column":4},"end":{"line":93,"column":null}},"37":{"start":{"line":98,"column":4},"end":{"line":98,"column":null}}},"fnMap":{"0":{"name":"(anonymous_0)","decl":{"start":{"line":5,"column":8},"end":{"line":5,"column":15}},"loc":{"start":{"line":5,"column":66},"end":{"line":18,"column":null}},"line":5},"1":{"name":"(anonymous_1)","decl":{"start":{"line":21,"column":8},"end":{"line":21,"column":15}},"loc":{"start":{"line":21,"column":48},"end":{"line":34,"column":null}},"line":21},"2":{"name":"(anonymous_2)","decl":{"start":{"line":37,"column":8},"end":{"line":37,"column":18}},"loc":{"start":{"line":37,"column":18},"end":{"line":40,"column":null}},"line":37},"3":{"name":"(anonymous_3)","decl":{"start":{"line":43,"column":8},"end":{"line":43,"column":25}},"loc":{"start":{"line":43,"column":25},"end":{"line":46,"column":null}},"line":43},"4":{"name":"(anonymous_4)","decl":{"start":{"line":49,"column":8},"end":{"line":49,"column":25}},"loc":{"start":{"line":49,"column":25},"end":{"line":69,"column":null}},"line":49},"5":{"name":"(anonymous_5)","decl":{"start":{"line":72,"column":8},"end":{"line":72,"column":73}},"loc":{"start":{"line":72,"column":73},"end":{"line":75,"column":null}},"line":72},"6":{"name":"(anonymous_6)","decl":{"start":{"line":78,"column":8},"end":{"line":78,"column":22}},"loc":{"start":{"line":81,"column":5},"end":{"line":94,"column":null}},"line":81},"7":{"name":"(anonymous_7)","decl":{"start":{"line":97,"column":2},"end":{"line":97,"column":20}},"loc":{"start":{"line":97,"column":69},"end":{"line":99,"column":null}},"line":97}},"branchMap":{"0":{"loc":{"start":{"line":16,"column":4},"end":{"line":16,"column":null}},"type":"if","locations":[{"start":{"line":16,"column":4},"end":{"line":16,"column":null}},{"start":{},"end":{}}],"line":16},"1":{"loc":{"start":{"line":28,"column":4},"end":{"line":31,"column":null}},"type":"if","locations":[{"start":{"line":28,"column":4},"end":{"line":31,"column":null}},{"start":{},"end":{}}],"line":28},"2":{"loc":{"start":{"line":39,"column":4},"end":{"line":39,"column":null}},"type":"if","locations":[{"start":{"line":39,"column":4},"end":{"line":39,"column":null}},{"start":{},"end":{}}],"line":39},"3":{"loc":{"start":{"line":51,"column":4},"end":{"line":54,"column":null}},"type":"if","locations":[{"start":{"line":51,"column":4},"end":{"line":54,"column":null}},{"start":{},"end":{}}],"line":51},"4":{"loc":{"start":{"line":63,"column":4},"end":{"line":66,"column":null}},"type":"if","locations":[{"start":{"line":63,"column":4},"end":{"line":66,"column":null}},{"start":{},"end":{}}],"line":63},"5":{"loc":{"start":{"line":74,"column":11},"end":{"line":74,"column":null}},"type":"binary-expr","locations":[{"start":{"line":74,"column":11},"end":{"line":74,"column":28}},{"start":{"line":74,"column":28},"end":{"line":74,"column":null}}],"line":74},"6":{"loc":{"start":{"line":83,"column":4},"end":{"line":83,"column":null}},"type":"if","locations":[{"start":{"line":83,"column":4},"end":{"line":83,"column":null}},{"
[...]
":94,"column":28},"end":{"line":94,"column":null}}],"line":94},"6":{"loc":{"start":{"line":95,"column":13},"end":{"line":95,"column":null}},"type":"binary-expr","locations":[{"start":{"line":95,"column":13},"end":{"line":95,"column":30}},{"start":{"line":95,"column":30},"end":{"line":95,"column":null}}],"line":95},"7":{"loc":{"start":{"line":96,"column":11},"end":{"line":96,"column":null}},"type":"binary-expr","locations":[{"start":{"line":96,"column":11},"end":{"line":96,"column":26}},{"start":{"line":96,"column":26},"end":{"line":96,"column":null}}],"line":96},"8":{"loc":{"start":{"line":98,"column":26},"end":{"line":98,"column":null}},"type":"binary-expr","locations":[{"start":{"line":98,"column":26},"end":{"line":98,"column":56}},{"start":{"line":98,"column":56},"end":{"line":98,"column":null}}],"line":98},"9":{"loc":{"start":{"line":207,"column":2},"end":{"line":207,"column":null}},"type":"default-arg","locations":[{"start":{"line":207,"column":24},"end":{"line":207,"column":null}}],"line":207},"10":{"loc":{"start":{"line":214,"column":2},"end":{"line":216,"column":null}},"type":"if","locations":[{"start":{"line":214,"column":2},"end":{"line":216,"column":null}},{"start":{},"end":{}}],"line":214},"11":{"loc":{"start":{"line":232,"column":2},"end":{"line":235,"column":null}},"type":"if","locations":[{"start":{"line":232,"column":2},"end":{"line":235,"column":null}},{"start":{},"end":{}}],"line":232}},"s":{"0":1,"1":1,"2":9,"3":1,"4":2,"5":0,"6":2,"7":1,"8":2,"9":0,"10":0,"11":2,"12":2,"13":2,"14":2,"15":0,"16":0,"17":1,"18":3,"19":0,"20":0,"21":3,"22":3,"23":3,"24":0,"25":0,"26":0,"27":0,"28":0,"29":0,"30":0,"31":1,"32":7,"33":5,"34":6,"35":5,"36":4,"37":6,"38":1,"39":7,"40":1,"41":1,"42":2,"43":2,"44":2,"45":2,"46":0,"47":2,"48":2,"49":2,"50":1,"51":2,"52":0,"53":0,"54":2,"55":2,"56":2,"57":2,"58":0,"59":0},"f":{"0":9,"1":2,"2":2,"3":3,"4":7,"5":5,"6":6,"7":5,"8":4,"9":6,"10":7,"11":1,"12":2,"13":2},"b":{"0":[9,9],"1":[0,2],"2":[0,2],"3":[0,3],"4":[3,0],"5":[0,0],"6":[3,0],"7":[3,0],"8":[3,0],"9":[2],"10":[0,2],"11":[0,2]},"meta":{"lastBranch":12,"lastFunction":14,"lastStatement":60,"seen":{"s:31:28:35:Infinity":0,"s:40:39:42:Infinity":1,"f:40:39:40:54":0,"s:41:2:41:Infinity":2,"b:41:9:41:37:41:37:41:Infinity":0,"s:47:35:52:Infinity":3,"f:47:35:47:81":1,"b:48:2:50:Infinity:undefined:undefined:undefined:undefined":1,"s:48:2:50:Infinity":4,"s:49:4:49:Infinity":5,"s:51:2:51:Infinity":6,"s:57:33:71:Infinity":7,"f:57:33:57:78":2,"b:58:2:61:Infinity:undefined:undefined:undefined:undefined":2,"s:58:2:61:Infinity":8,"s:59:4:59:Infinity":9,"s:60:4:60:Infinity":10,"s:63:2:70:Infinity":11,"s:64:23:64:Infinity":12,"s:65:4:65:Infinity":13,"s:66:4:66:Infinity":14,"s:68:4:68:Infinity":15,"s:69:4:69:Infinity":16,"s:76:37:108:Infinity":17,"f:76:37:76:Infinity":3,"b:79:2:82:Infinity:undefined:undefined:undefined:undefined":3,"s:79:2:82:Infinity":18,"s:80:4:80:Infinity":19,"s:81:4:81:Infinity":20,"b:84:2:87:Infinity:undefined:undefined:undefined:undefined":4,"s:84:2:87:Infinity":21,"s:85:4:85:Infinity":22,"s:86:4:86:Infinity":23,"s:89:2:107:Infinity":24,"s:90:25:90:Infinity":25,"s:92:4:100:Infinity":26,"b:94:12:94:28:94:28:94:Infinity":5,"b:95:13:95:30:95:30:95:Infinity":6,"b:96:11:96:26:96:26:96:Infinity":7,"b:98:26:98:56:98:56:98:Infinity":8,"s:102:4:102:Infinity":27,"s:103:4:103:Infinity":28,"s:105:4:105:Infinity":29,"s:106:4:106:Infinity":30,"s:113:29:188:Infinity":31,"f:115:18:115:19":4,"s:115:76:126:Infinity":32,"f:129:20:129:21":5,"s:129:93:140:Infinity":33,"f:143:16:143:48":6,"s:143:48:153:Infinity":34,"f:156:24:156:56":7,"s:156:56:165:Infinity":35,"f:168:21:168:22":8,"s:168:75:178:Infinity":36,"f:181:13:181:14":9,"s:181:61:187:Infinity":37,"s:193:36:200:Infinity":38,"f:193:36:193:Infinity":10,"s:197:2:199:Infinity":39,"f:197:20:197:26":11,"s:198:4:198:Infinity":40,"s:205:39:226:Infinity":41,"f:205:39:205:Infinity":12,"b:207:24:207:Infinity":9,"s:209:14:209:Infinity":42,"s:210:21:210:Infinity":43,"s:211:2:211:Infinity":44,"b:214:2:216:Infinity:undefined:undefined:undefined:undefined":10,"s:214:2:216:Infinity":45,"s:215:4:215:Infinity":46,"s:218:18:218:Infinity":47,"s:220:2:223:Infinity":48,"s:225:2:225:Infinity":49,"s:231:41:245:Infinity":50,"f:231:41:231:96":13,"b:232:2:235:Infinity:undefined:undefined:undefined:undefined":11,"s:232:2:235:Infinity":51,"s:233:4:233:Infinity":52,"s:234:4:234:Infinity":53,"s:237:2:244:Infinity":54,"s:238:25:238:Infinity":55,"s:239:4:239:Infinity":56,"s:240:4:240:Infinity":57,"s:242:4:242:Infinity":58,"s:243:4:243:Infinity":59}}}
,"/home/ubuntu/BILAN-EASY/src/services/storageService.ts": {"path":"/home/ubuntu/BILAN-EASY/src/services/storageService.ts","statementMap":{"0":{"start":{"line":4,"column":30},"end":{"line":179,"column":null}},"1":{"start":{"line":7,"column":4},"end":{"line":30,"column":null}},"2":{"start":{"line":8,"column":19},"end":{"line":8,"column":null}},"3":{"start":{"line":9,"column":6},"end":{"line":9,"column":null}},"4":{"start":{"line":9,"column":17},"end":{"line":9,"column":null}},"5":{"start":{"line":12,"column":22},"end":{"line":12,"column":null}},"6":{"start":{"line":13,"column":23},"end":{"line":13,"column":null}},"7":{"start":{"line":16,"column":30},"end":{"line":21,"column":null}},"8":{"start":{"line":23,"column":6},"end":{"line":23,"column":null}},"9":{"start":{"line":23,"column":17},"end":{"line":23,"column":null}},"10":{"start":{"line":26,"column":6},"end":{"line":26,"column":null}},"11":{"start":{"line":28,"column":6},"end":{"line":28,"column":null}},"12":{"start":{"line":29,"column":6},"end":{"line":29,"column":null}},"13":{"start":{"line":35,"column":4},"end":{"line":45,"column":null}},"14":{"start":{"line":36,"column":30},"end":{"line":38,"column":null}},"15":{"start":{"line":40,"column":6},"end":{"line":40,"column":null}},"16":{"start":{"line":40,"column":17},"end":{"line":40,"column":null}},"17":{"start":{"line":41,"column":6},"end":{"line":41,"column":null}},"18":{"start":{"line":43,"column":6},"end":{"line":43,"column":null}},"19":{"start":{"line":44,"column":6},"end":{"line":44,"column":null}},"20":{"start":{"line":50,"column":4},"end":{"line":60,"column":null}},"21":{"start":{"line":51,"column":30},"end":{"line":53,"column":null}},"22":{"start":{"line":55,"column":6},"end":{"line":55,"column":null}},"23":{"start":{"line":55,"column":17},"end":{"line":55,"column":null}},"24":{"start":{"line":56,"column":6},"end":{"line":56,"column":null}},"25":{"start":{"line":58,"column":6},"end":{"line":58,"column":null}},"26":{"start":{"line":59,"column":6},"end":{"line":59,"column":null}},"27":{"start":{"line":65,"column":4},"end":{"line":74,"column":null}},"28":{"start":{"line":66,"column":24},"end":{"line":68,"column":null}},"29":{"start":{"line":70,"column":6},"end":{"line":70,"column":null}},"30":{"start":{"line":70,"column":17},"end":{"line":70,"column":null}},"31":{"start":{"line":72,"column":6},"end":{"line":72,"column":null}},"32":{"start":{"line":73,"column":6},"end":{"line":73,"column":null}},"33":{"start":{"line":79,"column":4},"end":{"line":96,"column":null}},"34":{"start":{"line":80,"column":23},"end":{"line":80,"column":null}},"35":{"start":{"line":82,"column":30},"end":{"line":88,"column":null}},"36":{"start":{"line":90,"column":6},"end":{"line":90,"column":null}},"37":{"start":{"line":90,"column":17},"end":{"line":90,"column":null}},"38":{"start":{"line":92,"column":6},"end":{"line":92,"column":null}},"39":{"start":{"line":94,"column":6},"end":{"line":94,"column":null}},"40":{"start":{"line":95,"column":6},"end":{"line":95,"column":null}},"41":{"start":{"line":101,"column":4},"end":{"line":111,"column":null}},"42":{"start":{"line":102,"column":30},"end":{"line":104,"column":null}},"43":{"start":{"line":106,"column":6},"end":{"line":106,"column":null}},"44":{"start":{"line":106,"column":17},"end":{"line":106,"column":null}},"45":{"start":{"line":107,"column":6},"end":{"line":107,"column":null}},"46":{"start":{"line":109,"column":6},"end":{"line":109,"column":null}},"47":{"start":{"line":110,"column":6},"end":{"line":110,"column":null}},"48":{"start":{"line":116,"column":4},"end":{"line":126,"column":null}},"49":{"start":{"line":117,"column":30},"end":{"line":119,"column":null}},"50":{"start":{"line":121,"column":6},"end":{"line":121,"column":null}},"51":{"start":{"line":121,"column":17},"end":{"line":121,"column":null}},"52":{"start":{"line":122,"column":6},"end":{"line":122,"column":null}},"53":{"start":{"line":124,"column":6},"end":{"line":124,"column":null}},"54":{"start":{"line":125,"column":6},"end":{"line":125,"column":null}},"55":{"start":{"line":131,"column":4},"end":{"line":146,"column":null}},"56":{"start":{"line":132,"column":19},"end":{"line":132,"column":null}},"57":{"start":{"line":133,"column":27},"end":{"line":133,"column":null}},"58":{"start":{"line":135,"column":6},"end":{"line":135,"column":null}},"59":{"start":{"line":135,"column":25},"end":{"line":135,"column":null}},"60":{"start":{"line":137,"column":30},"end":{"line":139,"column":null}},"61":{"start":{"line":141,"column":6},"end":{"line":141,"column":null}},"62":{"start":{"line":141,"column":17},"end":{"line":141,"column":null}},"63":{"start":{"line":142,"column":6},"end":{"line":142,"column":null}},"64":{"start":{"line":144,"column":6},"end":{"line":144,"column":null}},"65":{"start":{"line":145,"column":6},"end":{"line":145,"column":null}},"66":{"start":{"line":151,"column":4},"end":{"line":161,"column":null}},"67":{"start":{"line":152,"column":30},"end":{"line":154,"column":null}},"68":{"start":{"line":156,"column":6},"end":{"line":156,"column":null}},"69":{"start":{"line":156,"column":17},"end":{"line":156,"column":null}},"70":{"start":{"line":157,"column":6},"end":{"line":157,"column":null}},"71":{"start":{"line":159,"column":6},"end":{"line":159,"column":null}},"72":{"start":{"line":160,"column":6},"end":{"line":160,"column":null}},"73":{"start":{"line":166,"column":4},"end":{"line":177,"column":null}},"74":{"start":{"line":167,"column":30},"end":{"line":169,"column":null}},"75":{"start":{"line":171,"column":6},"end":{"line":171,"column":null}},"76":{"start":{"line":171,"column":17},"end":{"line":171,"column":null}},"77":{"start":{"line":173,"column":23},"end":{"line":173,"column":null}},"78":{"start":{"line":174,"column":6},"end":{"line":174,"column":null}},"79":{"start":{"line":174,"column":32},"end":{"line":174,"column":54}},"80":{"start":{"line":176,"column":6},"end":{"line":176,"column":null}}},"fnMap":{"0":{"name":"(anonymous_0)","decl":{"start":{"line":6,"column":8},"end":{"line":6,"column":17}},"loc":{"start":{"line":6,"column":46},"end":{"line":31,"column":null}},"line":6},"1":{"name":"(anonymous_1)","decl":{"start":{"line":34,"column":8},"end":{"line":34,"column":19}},"loc":{"start":{"line":34,"column":52},"end":{"line":46,"column":null}},"line":34},"2":{"name":"(anonymous_2)","decl":{"start":{"line":49,"column":8},"end":{"line":49,"column":17}},"loc":{"start":{"line":49,"column":52},"end":{"line":61,"column":null}},"line":49},"3":{"name":"(anonymous_3)","decl":{"start":{"line":64,"column":8},"end":{"line":64,"column":17}},"loc":{"start":{"line":64,"column":50},"end":{"line":75,"column":null}},"line":64},"4":{"name":"(anonymous_4)","decl":{"start":{"line":78,"column":8},"end":{"line":78,"column":18}},"loc":{"start":{"line":78,"column":90},"end":{"line":97,"column":null}},"line":78},"5":{"name":"(anonymous_5)","decl":{"start":{"line":100,"column":8},"end":{"line":100,"column":20}},"loc":{"start":{"line":100,"column":53},"end":{"line":112,"column":null}},"line":100},"6":{"name":"(anonymous_6)","decl":{"start":{"line":115,"column":8},"end":{"line":115,"column":18}},"loc":{"start":{"line":115,"column":53},"end":{"line":127,"column":null}},"line":115},"7":{"name":"(anonymous_7)","decl":{"start":{"line":130,"column":8},"end":{"line":130,"column":20}},"loc":{"start":{"line":130,"column":53},"end":{"line":147,"column":null}},"line":130},"8":{"name":"(anonymous_8)","decl":{"start":{"line":150,"column":8},"end":{"line":150,"column":27}},"loc":{"start":{"line":150,"column":65},"end":{"line":162,"column":null}},"line":150},"9":{"name":"(anonymous_9)","decl":{"start":{"line":165,"column":8},"end":{"line":165,"column":19}},"loc":{"start":{"line":165,"column":79},"end":{"line":178,"column":null}},"line":165},"10":{"name":"(anonymous_10)","decl":{"start":{"line":174,"column":24},"end":{"line":174,"column":32}},"loc":{"start":{"line":174,"column":32},"end":{"line":174,"column":54}},"line":174}},"branchMap":{"0":{"loc":{"start":{"line":9,"column":6},"end":{"line":9,"column":null}},"type":"if","locations":[{"start":{"line":9,"column":6},"end":{"line":9,"column":null}},{"start":{},"end":{}}],"line":9},"1":{"loc":{"start":{"line":23,"column":6},"end":{"line":23,"column":null}},"type":"if","locations":[{"start":{"line":23,"column":6},"end":{"line":23,"column":null}},{"start":{},"end":{}}],"line":23},"2":{"loc":{"start":{"line":40,"column":6},"end":{"line":40,"column":null}},"type":"if","locations":[{"start":{"line":40,"column":6},"end":{"line":40,"column":null}},{"start":{},"end":{}}],"line":40},"3":{"loc":{"start":{"line":55,"column":6},"end":{"line":55,"column":null}},"type":"if","locations":[{"start":{"line":55,"column":6},"end":{"line":55,"column":null}},{"start":{},"end":{}}],"line":55},"4":{"loc":{"start":{"line":70,"column":6},"end":{"line":70,"column":null}},"type":"if","locations":[{"start":{"line":70,"column":6},"end":{"line":70,"column":null}},{"start":{},"end":{}}],"line":70},"5":{"loc":{"start":{"line":90,"column":6},"end":{"line":90,"column":null}},"type":"if","locations":[{"start":{"line":90,"column":6},"end":{"line":90,"column":null}},{"start":{},"end":{}}],"line":90},"6":{"loc":{"start":{"line":106,"column":6},"end":{"line":106,"column":null}},"type":"if","locations":[{"start":{"line":106,"column":6},"end":{"line":106,"column":null}},{"start":{},"end":{}}],"line":106},"7":{"loc":{"start":{"line":121,"column":6},"end":{"line":121,"column":null}},"type":"if","locations":[{"start":{"line":121,"column":6},"end":{"line":121,"column":null}},{"start":{},"end":{}}],"line":121},"8":{"loc":{"start":{"line":133,"column":27},"end":{"line":133,"column":null}},"type":"binary-expr","locations":[{"start":{"line":133,"column":27},"end":{"line":133,"column":37}},{"start":{"line":133,"column":37},"end":{"line":133,"column":null}}],"line":133},"9":{"loc":{"start":{"line":135,"column":6},"end":{"line":135,"column":null}},"type":"if","locations":[{"start":{"line":135,"column":6},"end":{"line":135,"column":null}},{"start":{},"end":{}}],"line":135},"10":{"loc":{"start":{"line":141,"column":6},"end":{"line":141,"column":null}},"type":"if","locations":[{"start":{"line":141,"column":6},"end":{"line":141,"column":null}},{"start":{},"end":{}}],"line":141},"11":{"loc":{"start":{"line":142,"column":13},"end":{"line":142,"column":null}},"type":"binary-expr","locations":[{"start":{"line":142,"column":13},"end":{"line":142,"column":21}},{"start":{"line":142,"column":21},"end":{"line":142,"column":null}}],"line":142},"12":{"loc":{"start":{"line":156,"column":6},"end":{"line":156,"column":null}},"type":"if","locations":[{"start":{"line":156,"column":6},"end":{"line":156,"column":null}},{"start":{},"end":{}}],"line":156},"13":{"loc":{"start":{"line":157,"column":13},"end":{"line":157,"column":null}},"type":"binary-expr","locations":[{"start":{"line":157,"column":13},"end":{"line":157,"column":21}},{"start":{"line":157,"column":21},"end":{"line":157,"column":null}}],"line":157},"14":{"loc":{"start":{"line":171,"column":6},"end":{"line":171,"column":null}},"type":"if","locations":[{"start":{"line":171,"column":6},"end":{"line":171,"column":null}},{"start":{},"end":{}}],"line":171},"15":{"loc":{"start":{"line":174,"column":13},"end":{"line":174,"column":null}},"type":"binary-expr","locations":[{"start":{"line":174,"column":13},"end":{"line":174,"column":59}},{"start":{"line":174,"column":59},"end":{"line":174,"column":null}}],"line":174}},"s":{"0":1,"1":3,"2":3,"3":3,"4":1,"5":2,"6":2,"7":2,"8":2,"9":1,"10":1,"11":2,"12":2,"13":2,"14":2,"15":2,"16":1,"17":1,"18":1,"19":1,"20":2,"21":2,"22":2,"23":1,"24":1,"25":1,"26":1,"27":2,"28":2,"29":2,"30":1,"31":1,"32":1,"33":2,"34":2,"35":2,"36":2,"37":1,"38":1,"39":1,"40":1,"41":1,"42":1,"43":1,"44":0,"45":1,"46":0,"47":0,"48":1,"49":1,"50":1,"51":0,"52":1,"53":0,"54":0,"55":3,"56":3,"57":3,"58":3,"59":1,"60":2,"61":2,"62":0,"63":2,"64":1,"65":1,"66":2,"67":2,"68":2,"69":0,"70":2,"71":0,"72":0,"73":5,"74":5,"75":5,"76":1,"77":4,"78":4,"79":6,"80":0},"f":{"0":3,"1":2,"2":2,"3":2,"4":2,"5":1,"6":1,"7":3,"8":2,"9":5,"10":6},"b":{"0":[1,2],"1":[1,1],"2":[1,1],"3":[1,1],"4":[1,1],"5":[1,1],"6":[0,1],"7":[0,1],"8":[3,2],"9":[1,2],"10":[0,2],"11":[2,0],"12":[0,2],"13":[2,1],"14":[1,4],"15":[4,3]},"meta":{"lastBranch":16,"lastFunction":11,"lastStatement":81,"seen":{"s:4:30:179:Infinity":0,"f:6:8:6:17":0,"s:7:4:30:Infinity":1,"s:8:19:8:Infinity":2,"b:9:6:9:Infinity:undefined:undefined:undefined:undefined":0,"s:9:6:9:Infinity":3,"s:9:17:9:Infinity":4,"s:12:22:12:Infinity":5,"s:13:23:13:Infinity":6,"s:16:30:21:Infinity":7,"b:23:6:23:Infinity:undefined:undefined:undefined:undefined":1,"s:23:6:23:Infinity":8,"s:23:17:23:Infinity":9,"s:26:6:26:Infinity":10,"s:28:6:28:Infinity":11,"s:29:6:29:Infinity":12,"f:34:8:34:19":1,"s:35:4:45:Infinity":13,"s:36:30:38:Infinity":14,"b:40:6:40:Infinity:undefined:undefined:undefined:undefined":2,"s:40:6:40:Infinity":15,"s:40:17:40:Infinity":16,"s:41:6:41:Infinity":17,"s:43:6:43:Infinity":18,"s:44:6:44:Infinity":19,"f:49:8:49:17":2,"s:50:4:60:Infinity":20,"s:51:30:53:Infinity":21,"b:55:6:55:Infinity:undefined:undefined:undefined:undefined":3,"s:55:6:55:Infinity":22,"s:55:17:55:Infinity":23,"s:56:6:56:Infinity":24,"s:58:6:58:Infinity":25,"s:59:6:59:Infinity":26,"f:64:8:64:17":3,"s:65:4:74:Infinity":27,"s:66:24:68:Infinity":28,"b:70:6:70:Infinity:undefined:undefined:undefined:undefined":4,"s:70:6:70:Infinity":29,"s:70:17:70:Infinity":30,"s:72:6:72:Infinity":31,"s:73:6:73:Infinity":32,"f:78:8:78:18":4,"s:79:4:96:Infinity":33,"s:80:23:80:Infinity":34,"s:82:30:88:Infinity":35,"b:90:6:90:Infinity:undefined:undefined:undefined:undefined":5,"s:90:6:90:Infinity":36,"s:90:17:90:Infinity":37,"s:92:6:92:Infinity":38,"s:94:6:94:Infinity":39,"s:95:6:95:Infinity":40,"f:100:8:100:20":5,"s:101:4:111:Infinity":41,"s:102:30:104:Infinity":42,"b:106:6:106:Infinity:undefined:undefined:undefined:undefined":6,"s:106:6:106:Infinity":43,"s:106:17:106:Infinity":44,"s:107:6:107:Infinity":45,"s:109:6:109:Infinity":46,"s:110:6:110:Infinity":47,"f:115:8:115:18":6,"s:116:4:126:Infinity":48,"s:117:30:119:Infinity":49,"b:121:6:121:Infinity:undefined:undefined:undefined:undefined":7,"s:121:6:121:Infinity":50,"s:121:17:121:Infinity":51,"s:122:6:122:Infinity":52,"s:124:6:124:Infinity":53,"s:125:6:125:Infinity":54,"f:130:8:130:20":7,"s:131:4:146:Infinity":55,"s:132:19:132:Infinity":56,"s:133:27:133:Infinity":57,"b:133:27:133:37:133:37:133:Infinity":8,"b:135:6:135:Infinity:undefined:undefined:undefined:undefined":9,"s:135:6:135:Infinity":58,"s:135:25:135:Infinity":59,"s:137:30:139:Infinity":60,"b:141:6:141:Infinity:undefined:undefined:undefined:undefined":10,"s:141:6:141:Infinity":61,"s:141:17:141:Infinity":62,"s:142:6:142:Infinity":63,"b:142:13:142:21:142:21:142:Infinity":11,"s:144:6:144:Infinity":64,"s:145:6:145:Infinity":65,"f:150:8:150:27":8,"s:151:4:161:Infinity":66,"s:152:30:154:Infinity":67,"b:156:6:156:Infinity:undefined:undefined:undefined:undefined":12,"s:156:6:156:Infinity":68,"s:156:17:156:Infinity":69,"s:157:6:157:Infinity":70,"b:157:13:157:21:157:21:157:Infinity":13,"s:159:6:159:Infinity":71,"s:160:6:160:Infinity":72,"f:165:8:165:19":9,"s:166:4:177:Infinity":73,"s:167:30:169:Infinity":74,"b:171:6:171:Infinity:undefined:undefined:undefined:undefined":14,"s:171:6:171:Infinity":75,"s:171:17:171:Infinity":76,"s:173:23:173:Infinity":77,"s:174:6:174:Infinity":78,"b:174:13:174:59:174:59:174:Infinity":15,"f:174:24:174:32":10,"s:174:32:174:54":79,"s:176:6:176:Infinity":80}}}
}
